2024-09-25 22:15:45,714 [Worker-2: Loading available Gradle versions] INFO  o.e.b.c.i.u.g.PublishedGradleVersions - Gradle version information cache is up-to-date. Trying to read.
2024-09-25 22:19:18,727 [Worker-19: Launching mavenrun-0d7575a8-8734-4c7d-b09f-8e0ace2e1ed5] INFO  o.eclipse.m2e.core.internal.Bundles - getClasspathEntries(Bundle=org.eclipse.m2e.maven.runtime_3.9.500.20231113-2345 [629])
2024-09-25 22:19:18,730 [Worker-19: Launching mavenrun-0d7575a8-8734-4c7d-b09f-8e0ace2e1ed5] INFO  o.eclipse.m2e.core.internal.Bundles - 	Entry: C:\Users\prita\Downloads\eclipse-jee-2023-12-R-win32-x86_64\eclipse\plugins\org.eclipse.m2e.maven.runtime_3.9.500.20231113-2345
2024-09-25 22:19:18,730 [Worker-19: Launching mavenrun-0d7575a8-8734-4c7d-b09f-8e0ace2e1ed5] INFO  o.eclipse.m2e.core.internal.Bundles - 	Entry: C:\Users\prita\Downloads\eclipse-jee-2023-12-R-win32-x86_64\eclipse\plugins\org.eclipse.m2e.maven.runtime_3.9.500.20231113-2345\jars\aopalliance-1.0.jar
2024-09-25 22:19:18,731 [Worker-19: Launching mavenrun-0d7575a8-8734-4c7d-b09f-8e0ace2e1ed5] INFO  o.eclipse.m2e.core.internal.Bundles - 	Entry: C:\Users\prita\Downloads\eclipse-jee-2023-12-R-win32-x86_64\eclipse\plugins\org.eclipse.m2e.maven.runtime_3.9.500.20231113-2345\jars\guice-5.1.0.jar
2024-09-25 22:19:18,731 [Worker-19: Launching mavenrun-0d7575a8-8734-4c7d-b09f-8e0ace2e1ed5] INFO  o.eclipse.m2e.core.internal.Bundles - 	Entry: C:\Users\prita\Downloads\eclipse-jee-2023-12-R-win32-x86_64\eclipse\plugins\org.eclipse.m2e.maven.runtime_3.9.500.20231113-2345\jars\httpclient-4.5.14.jar
2024-09-25 22:19:18,731 [Worker-19: Launching mavenrun-0d7575a8-8734-4c7d-b09f-8e0ace2e1ed5] INFO  o.eclipse.m2e.core.internal.Bundles - 	Entry: C:\Users\prita\Downloads\eclipse-jee-2023-12-R-win32-x86_64\eclipse\plugins\org.eclipse.m2e.maven.runtime_3.9.500.20231113-2345\jars\httpcore-4.4.16.jar
2024-09-25 22:19:18,731 [Worker-19: Launching mavenrun-0d7575a8-8734-4c7d-b09f-8e0ace2e1ed5] INFO  o.eclipse.m2e.core.internal.Bundles - 	Entry: C:\Users\prita\Downloads\eclipse-jee-2023-12-R-win32-x86_64\eclipse\plugins\org.eclipse.m2e.maven.runtime_3.9.500.20231113-2345\jars\jansi-2.4.0.jar
2024-09-25 22:19:18,731 [Worker-19: Launching mavenrun-0d7575a8-8734-4c7d-b09f-8e0ace2e1ed5] INFO  o.eclipse.m2e.core.internal.Bundles - 	Entry: C:\Users\prita\Downloads\eclipse-jee-2023-12-R-win32-x86_64\eclipse\plugins\org.eclipse.m2e.maven.runtime_3.9.500.20231113-2345\jars\jcl-over-slf4j-1.7.36.jar
2024-09-25 22:19:18,731 [Worker-19: Launching mavenrun-0d7575a8-8734-4c7d-b09f-8e0ace2e1ed5] INFO  o.eclipse.m2e.core.internal.Bundles - 	Entry: C:\Users\prita\Downloads\eclipse-jee-2023-12-R-win32-x86_64\eclipse\plugins\org.eclipse.m2e.maven.runtime_3.9.500.20231113-2345\jars\maven-artifact-3.9.5.jar
2024-09-25 22:19:18,731 [Worker-19: Launching mavenrun-0d7575a8-8734-4c7d-b09f-8e0ace2e1ed5] INFO  o.eclipse.m2e.core.internal.Bundles - 	Entry: C:\Users\prita\Downloads\eclipse-jee-2023-12-R-win32-x86_64\eclipse\plugins\org.eclipse.m2e.maven.runtime_3.9.500.20231113-2345\jars\maven-builder-support-3.9.5.jar
2024-09-25 22:19:18,731 [Worker-19: Launching mavenrun-0d7575a8-8734-4c7d-b09f-8e0ace2e1ed5] INFO  o.eclipse.m2e.core.internal.Bundles - 	Entry: C:\Users\prita\Downloads\eclipse-jee-2023-12-R-win32-x86_64\eclipse\plugins\org.eclipse.m2e.maven.runtime_3.9.500.20231113-2345\jars\maven-compat-3.9.5.jar
2024-09-25 22:19:18,731 [Worker-19: Launching mavenrun-0d7575a8-8734-4c7d-b09f-8e0ace2e1ed5] INFO  o.eclipse.m2e.core.internal.Bundles - 	Entry: C:\Users\prita\Downloads\eclipse-jee-2023-12-R-win32-x86_64\eclipse\plugins\org.eclipse.m2e.maven.runtime_3.9.500.20231113-2345\jars\maven-core-3.9.5.jar
2024-09-25 22:19:18,731 [Worker-19: Launching mavenrun-0d7575a8-8734-4c7d-b09f-8e0ace2e1ed5] INFO  o.eclipse.m2e.core.internal.Bundles - 	Entry: C:\Users\prita\Downloads\eclipse-jee-2023-12-R-win32-x86_64\eclipse\plugins\org.eclipse.m2e.maven.runtime_3.9.500.20231113-2345\jars\maven-embedder-3.9.5.jar
2024-09-25 22:19:18,731 [Worker-19: Launching mavenrun-0d7575a8-8734-4c7d-b09f-8e0ace2e1ed5] INFO  o.eclipse.m2e.core.internal.Bundles - 	Entry: C:\Users\prita\Downloads\eclipse-jee-2023-12-R-win32-x86_64\eclipse\plugins\org.eclipse.m2e.maven.runtime_3.9.500.20231113-2345\jars\maven-model-3.9.5.jar
2024-09-25 22:19:18,731 [Worker-19: Launching mavenrun-0d7575a8-8734-4c7d-b09f-8e0ace2e1ed5] INFO  o.eclipse.m2e.core.internal.Bundles - 	Entry: C:\Users\prita\Downloads\eclipse-jee-2023-12-R-win32-x86_64\eclipse\plugins\org.eclipse.m2e.maven.runtime_3.9.500.20231113-2345\jars\maven-model-builder-3.9.5.jar
2024-09-25 22:19:18,731 [Worker-19: Launching mavenrun-0d7575a8-8734-4c7d-b09f-8e0ace2e1ed5] INFO  o.eclipse.m2e.core.internal.Bundles - 	Entry: C:\Users\prita\Downloads\eclipse-jee-2023-12-R-win32-x86_64\eclipse\plugins\org.eclipse.m2e.maven.runtime_3.9.500.20231113-2345\jars\maven-plugin-api-3.9.5.jar
2024-09-25 22:19:18,732 [Worker-19: Launching mavenrun-0d7575a8-8734-4c7d-b09f-8e0ace2e1ed5] INFO  o.eclipse.m2e.core.internal.Bundles - 	Entry: C:\Users\prita\Downloads\eclipse-jee-2023-12-R-win32-x86_64\eclipse\plugins\org.eclipse.m2e.maven.runtime_3.9.500.20231113-2345\jars\maven-repository-metadata-3.9.5.jar
2024-09-25 22:19:18,732 [Worker-19: Launching mavenrun-0d7575a8-8734-4c7d-b09f-8e0ace2e1ed5] INFO  o.eclipse.m2e.core.internal.Bundles - 	Entry: C:\Users\prita\Downloads\eclipse-jee-2023-12-R-win32-x86_64\eclipse\plugins\org.eclipse.m2e.maven.runtime_3.9.500.20231113-2345\jars\maven-resolver-api-1.9.16.jar
2024-09-25 22:19:18,732 [Worker-19: Launching mavenrun-0d7575a8-8734-4c7d-b09f-8e0ace2e1ed5] INFO  o.eclipse.m2e.core.internal.Bundles - 	Entry: C:\Users\prita\Downloads\eclipse-jee-2023-12-R-win32-x86_64\eclipse\plugins\org.eclipse.m2e.maven.runtime_3.9.500.20231113-2345\jars\maven-resolver-connector-basic-1.9.16.jar
2024-09-25 22:19:18,732 [Worker-19: Launching mavenrun-0d7575a8-8734-4c7d-b09f-8e0ace2e1ed5] INFO  o.eclipse.m2e.core.internal.Bundles - 	Entry: C:\Users\prita\Downloads\eclipse-jee-2023-12-R-win32-x86_64\eclipse\plugins\org.eclipse.m2e.maven.runtime_3.9.500.20231113-2345\jars\maven-resolver-impl-1.9.16.jar
2024-09-25 22:19:18,732 [Worker-19: Launching mavenrun-0d7575a8-8734-4c7d-b09f-8e0ace2e1ed5] INFO  o.eclipse.m2e.core.internal.Bundles - 	Entry: C:\Users\prita\Downloads\eclipse-jee-2023-12-R-win32-x86_64\eclipse\plugins\org.eclipse.m2e.maven.runtime_3.9.500.20231113-2345\jars\maven-resolver-named-locks-1.9.16.jar
2024-09-25 22:19:18,732 [Worker-19: Launching mavenrun-0d7575a8-8734-4c7d-b09f-8e0ace2e1ed5] INFO  o.eclipse.m2e.core.internal.Bundles - 	Entry: C:\Users\prita\Downloads\eclipse-jee-2023-12-R-win32-x86_64\eclipse\plugins\org.eclipse.m2e.maven.runtime_3.9.500.20231113-2345\jars\maven-resolver-provider-3.9.5.jar
2024-09-25 22:19:18,732 [Worker-19: Launching mavenrun-0d7575a8-8734-4c7d-b09f-8e0ace2e1ed5] INFO  o.eclipse.m2e.core.internal.Bundles - 	Entry: C:\Users\prita\Downloads\eclipse-jee-2023-12-R-win32-x86_64\eclipse\plugins\org.eclipse.m2e.maven.runtime_3.9.500.20231113-2345\jars\maven-resolver-spi-1.9.16.jar
2024-09-25 22:19:18,732 [Worker-19: Launching mavenrun-0d7575a8-8734-4c7d-b09f-8e0ace2e1ed5] INFO  o.eclipse.m2e.core.internal.Bundles - 	Entry: C:\Users\prita\Downloads\eclipse-jee-2023-12-R-win32-x86_64\eclipse\plugins\org.eclipse.m2e.maven.runtime_3.9.500.20231113-2345\jars\maven-resolver-transport-file-1.9.16.jar
2024-09-25 22:19:18,732 [Worker-19: Launching mavenrun-0d7575a8-8734-4c7d-b09f-8e0ace2e1ed5] INFO  o.eclipse.m2e.core.internal.Bundles - 	Entry: C:\Users\prita\Downloads\eclipse-jee-2023-12-R-win32-x86_64\eclipse\plugins\org.eclipse.m2e.maven.runtime_3.9.500.20231113-2345\jars\maven-resolver-transport-http-1.9.16.jar
2024-09-25 22:19:18,733 [Worker-19: Launching mavenrun-0d7575a8-8734-4c7d-b09f-8e0ace2e1ed5] INFO  o.eclipse.m2e.core.internal.Bundles - 	Entry: C:\Users\prita\Downloads\eclipse-jee-2023-12-R-win32-x86_64\eclipse\plugins\org.eclipse.m2e.maven.runtime_3.9.500.20231113-2345\jars\maven-resolver-transport-wagon-1.9.16.jar
2024-09-25 22:19:18,733 [Worker-19: Launching mavenrun-0d7575a8-8734-4c7d-b09f-8e0ace2e1ed5] INFO  o.eclipse.m2e.core.internal.Bundles - 	Entry: C:\Users\prita\Downloads\eclipse-jee-2023-12-R-win32-x86_64\eclipse\plugins\org.eclipse.m2e.maven.runtime_3.9.500.20231113-2345\jars\maven-resolver-util-1.9.16.jar
2024-09-25 22:19:18,733 [Worker-19: Launching mavenrun-0d7575a8-8734-4c7d-b09f-8e0ace2e1ed5] INFO  o.eclipse.m2e.core.internal.Bundles - 	Entry: C:\Users\prita\Downloads\eclipse-jee-2023-12-R-win32-x86_64\eclipse\plugins\org.eclipse.m2e.maven.runtime_3.9.500.20231113-2345\jars\maven-settings-3.9.5.jar
2024-09-25 22:19:18,733 [Worker-19: Launching mavenrun-0d7575a8-8734-4c7d-b09f-8e0ace2e1ed5] INFO  o.eclipse.m2e.core.internal.Bundles - 	Entry: C:\Users\prita\Downloads\eclipse-jee-2023-12-R-win32-x86_64\eclipse\plugins\org.eclipse.m2e.maven.runtime_3.9.500.20231113-2345\jars\maven-settings-builder-3.9.5.jar
2024-09-25 22:19:18,733 [Worker-19: Launching mavenrun-0d7575a8-8734-4c7d-b09f-8e0ace2e1ed5] INFO  o.eclipse.m2e.core.internal.Bundles - 	Entry: C:\Users\prita\Downloads\eclipse-jee-2023-12-R-win32-x86_64\eclipse\plugins\org.eclipse.m2e.maven.runtime_3.9.500.20231113-2345\jars\maven-shared-utils-3.3.4.jar
2024-09-25 22:19:18,733 [Worker-19: Launching mavenrun-0d7575a8-8734-4c7d-b09f-8e0ace2e1ed5] INFO  o.eclipse.m2e.core.internal.Bundles - 	Entry: C:\Users\prita\Downloads\eclipse-jee-2023-12-R-win32-x86_64\eclipse\plugins\org.eclipse.m2e.maven.runtime_3.9.500.20231113-2345\jars\org.eclipse.sisu.inject-0.3.5.jar
2024-09-25 22:19:18,733 [Worker-19: Launching mavenrun-0d7575a8-8734-4c7d-b09f-8e0ace2e1ed5] INFO  o.eclipse.m2e.core.internal.Bundles - 	Entry: C:\Users\prita\Downloads\eclipse-jee-2023-12-R-win32-x86_64\eclipse\plugins\org.eclipse.m2e.maven.runtime_3.9.500.20231113-2345\jars\org.eclipse.sisu.plexus-0.3.5.jar
2024-09-25 22:19:18,733 [Worker-19: Launching mavenrun-0d7575a8-8734-4c7d-b09f-8e0ace2e1ed5] INFO  o.eclipse.m2e.core.internal.Bundles - 	Entry: C:\Users\prita\Downloads\eclipse-jee-2023-12-R-win32-x86_64\eclipse\plugins\org.eclipse.m2e.maven.runtime_3.9.500.20231113-2345\jars\plexus-build-api-0.0.7.jar
2024-09-25 22:19:18,733 [Worker-19: Launching mavenrun-0d7575a8-8734-4c7d-b09f-8e0ace2e1ed5] INFO  o.eclipse.m2e.core.internal.Bundles - 	Entry: C:\Users\prita\Downloads\eclipse-jee-2023-12-R-win32-x86_64\eclipse\plugins\org.eclipse.m2e.maven.runtime_3.9.500.20231113-2345\jars\plexus-cipher-2.0.jar
2024-09-25 22:19:18,733 [Worker-19: Launching mavenrun-0d7575a8-8734-4c7d-b09f-8e0ace2e1ed5] INFO  o.eclipse.m2e.core.internal.Bundles - 	Entry: C:\Users\prita\Downloads\eclipse-jee-2023-12-R-win32-x86_64\eclipse\plugins\org.eclipse.m2e.maven.runtime_3.9.500.20231113-2345\jars\plexus-classworlds-2.7.0.jar
2024-09-25 22:19:18,734 [Worker-19: Launching mavenrun-0d7575a8-8734-4c7d-b09f-8e0ace2e1ed5] INFO  o.eclipse.m2e.core.internal.Bundles - 	Entry: C:\Users\prita\Downloads\eclipse-jee-2023-12-R-win32-x86_64\eclipse\plugins\org.eclipse.m2e.maven.runtime_3.9.500.20231113-2345\jars\plexus-component-annotations-2.1.0.jar
2024-09-25 22:19:18,734 [Worker-19: Launching mavenrun-0d7575a8-8734-4c7d-b09f-8e0ace2e1ed5] INFO  o.eclipse.m2e.core.internal.Bundles - 	Entry: C:\Users\prita\Downloads\eclipse-jee-2023-12-R-win32-x86_64\eclipse\plugins\org.eclipse.m2e.maven.runtime_3.9.500.20231113-2345\jars\plexus-interpolation-1.26.jar
2024-09-25 22:19:18,734 [Worker-19: Launching mavenrun-0d7575a8-8734-4c7d-b09f-8e0ace2e1ed5] INFO  o.eclipse.m2e.core.internal.Bundles - 	Entry: C:\Users\prita\Downloads\eclipse-jee-2023-12-R-win32-x86_64\eclipse\plugins\org.eclipse.m2e.maven.runtime_3.9.500.20231113-2345\jars\plexus-sec-dispatcher-2.0.jar
2024-09-25 22:19:18,734 [Worker-19: Launching mavenrun-0d7575a8-8734-4c7d-b09f-8e0ace2e1ed5] INFO  o.eclipse.m2e.core.internal.Bundles - 	Entry: C:\Users\prita\Downloads\eclipse-jee-2023-12-R-win32-x86_64\eclipse\plugins\org.eclipse.m2e.maven.runtime_3.9.500.20231113-2345\jars\plexus-utils-3.5.1.jar
2024-09-25 22:19:18,734 [Worker-19: Launching mavenrun-0d7575a8-8734-4c7d-b09f-8e0ace2e1ed5] INFO  o.eclipse.m2e.core.internal.Bundles - 	Entry: C:\Users\prita\Downloads\eclipse-jee-2023-12-R-win32-x86_64\eclipse\plugins\org.eclipse.m2e.maven.runtime_3.9.500.20231113-2345\jars\wagon-file-3.5.3.jar
2024-09-25 22:19:18,734 [Worker-19: Launching mavenrun-0d7575a8-8734-4c7d-b09f-8e0ace2e1ed5] INFO  o.eclipse.m2e.core.internal.Bundles - 	Entry: C:\Users\prita\Downloads\eclipse-jee-2023-12-R-win32-x86_64\eclipse\plugins\org.eclipse.m2e.maven.runtime_3.9.500.20231113-2345\jars\wagon-http-3.5.3.jar
2024-09-25 22:19:18,734 [Worker-19: Launching mavenrun-0d7575a8-8734-4c7d-b09f-8e0ace2e1ed5] INFO  o.eclipse.m2e.core.internal.Bundles - 	Entry: C:\Users\prita\Downloads\eclipse-jee-2023-12-R-win32-x86_64\eclipse\plugins\org.eclipse.m2e.maven.runtime_3.9.500.20231113-2345\jars\wagon-http-shared-3.5.3.jar
2024-09-25 22:19:18,734 [Worker-19: Launching mavenrun-0d7575a8-8734-4c7d-b09f-8e0ace2e1ed5] INFO  o.eclipse.m2e.core.internal.Bundles - 	Entry: C:\Users\prita\Downloads\eclipse-jee-2023-12-R-win32-x86_64\eclipse\plugins\org.eclipse.m2e.maven.runtime_3.9.500.20231113-2345\jars\wagon-provider-api-3.5.3.jar
2024-09-25 22:19:18,736 [Worker-19: Launching mavenrun-0d7575a8-8734-4c7d-b09f-8e0ace2e1ed5] INFO  o.eclipse.m2e.core.internal.Bundles - getClasspathEntries(Bundle=com.google.guava_32.1.3.jre [12])
2024-09-25 22:19:18,736 [Worker-19: Launching mavenrun-0d7575a8-8734-4c7d-b09f-8e0ace2e1ed5] INFO  o.eclipse.m2e.core.internal.Bundles - 	Entry: C:\Users\prita\Downloads\eclipse-jee-2023-12-R-win32-x86_64\eclipse\plugins\com.google.guava_32.1.3.jre.jar
2024-09-25 22:19:18,736 [Worker-19: Launching mavenrun-0d7575a8-8734-4c7d-b09f-8e0ace2e1ed5] INFO  o.eclipse.m2e.core.internal.Bundles - getClasspathEntries(Bundle=slf4j.api_2.0.9 [989])
2024-09-25 22:19:18,737 [Worker-19: Launching mavenrun-0d7575a8-8734-4c7d-b09f-8e0ace2e1ed5] INFO  o.eclipse.m2e.core.internal.Bundles - 	Entry: C:\Users\prita\Downloads\eclipse-jee-2023-12-R-win32-x86_64\eclipse\plugins\slf4j.api_2.0.9.jar
2024-09-25 22:19:18,737 [Worker-19: Launching mavenrun-0d7575a8-8734-4c7d-b09f-8e0ace2e1ed5] INFO  o.eclipse.m2e.core.internal.Bundles - getClasspathEntries(Bundle=jakarta.inject.jakarta.inject-api_1.0.5 [29])
2024-09-25 22:19:18,737 [Worker-19: Launching mavenrun-0d7575a8-8734-4c7d-b09f-8e0ace2e1ed5] INFO  o.eclipse.m2e.core.internal.Bundles - 	Entry: C:\Users\prita\Downloads\eclipse-jee-2023-12-R-win32-x86_64\eclipse\plugins\jakarta.inject.jakarta.inject-api_1.0.5.jar
2024-09-25 22:19:18,737 [Worker-19: Launching mavenrun-0d7575a8-8734-4c7d-b09f-8e0ace2e1ed5] INFO  o.eclipse.m2e.core.internal.Bundles - getClasspathEntries(Bundle=jakarta.annotation-api_1.3.5 [24])
2024-09-25 22:19:18,737 [Worker-19: Launching mavenrun-0d7575a8-8734-4c7d-b09f-8e0ace2e1ed5] INFO  o.eclipse.m2e.core.internal.Bundles - 	Entry: C:\Users\prita\Downloads\eclipse-jee-2023-12-R-win32-x86_64\eclipse\plugins\jakarta.annotation-api_1.3.5.jar
2024-09-25 22:19:18,737 [Worker-19: Launching mavenrun-0d7575a8-8734-4c7d-b09f-8e0ace2e1ed5] INFO  o.eclipse.m2e.core.internal.Bundles - getClasspathEntries(Bundle=org.apache.commons.cli_1.6.0 [71])
2024-09-25 22:19:18,737 [Worker-19: Launching mavenrun-0d7575a8-8734-4c7d-b09f-8e0ace2e1ed5] INFO  o.eclipse.m2e.core.internal.Bundles - 	Entry: C:\Users\prita\Downloads\eclipse-jee-2023-12-R-win32-x86_64\eclipse\plugins\org.apache.commons.cli_1.6.0.jar
2024-09-25 22:19:18,737 [Worker-19: Launching mavenrun-0d7575a8-8734-4c7d-b09f-8e0ace2e1ed5] INFO  o.eclipse.m2e.core.internal.Bundles - getClasspathEntries(Bundle=org.apache.commons.commons-codec_1.16.0 [75])
2024-09-25 22:19:18,737 [Worker-19: Launching mavenrun-0d7575a8-8734-4c7d-b09f-8e0ace2e1ed5] INFO  o.eclipse.m2e.core.internal.Bundles - 	Entry: C:\Users\prita\Downloads\eclipse-jee-2023-12-R-win32-x86_64\eclipse\plugins\org.apache.commons.commons-codec_1.16.0.jar
2024-09-25 22:19:18,737 [Worker-19: Launching mavenrun-0d7575a8-8734-4c7d-b09f-8e0ace2e1ed5] INFO  o.eclipse.m2e.core.internal.Bundles - getClasspathEntries(Bundle=org.apache.commons.lang3_3.13.0 [82])
2024-09-25 22:19:18,737 [Worker-19: Launching mavenrun-0d7575a8-8734-4c7d-b09f-8e0ace2e1ed5] INFO  o.eclipse.m2e.core.internal.Bundles - 	Entry: C:\Users\prita\Downloads\eclipse-jee-2023-12-R-win32-x86_64\eclipse\plugins\org.apache.commons.lang3_3.13.0.jar
2024-09-25 22:19:18,737 [Worker-19: Launching mavenrun-0d7575a8-8734-4c7d-b09f-8e0ace2e1ed5] INFO  o.eclipse.m2e.core.internal.Bundles - getClasspathEntries(Bundle=com.google.guava.failureaccess_1.0.2 [13])
2024-09-25 22:19:18,738 [Worker-19: Launching mavenrun-0d7575a8-8734-4c7d-b09f-8e0ace2e1ed5] INFO  o.eclipse.m2e.core.internal.Bundles - 	Entry: C:\Users\prita\Downloads\eclipse-jee-2023-12-R-win32-x86_64\eclipse\plugins\com.google.guava.failureaccess_1.0.2.jar
2024-09-25 22:19:18,744 [Worker-19: Launching mavenrun-0d7575a8-8734-4c7d-b09f-8e0ace2e1ed5] INFO  o.e.m.i.launch.MavenLaunchDelegate - Run build in "C:\Users\prita\AppData\Local\Temp\m2e-archetypeGenerator14335825695501367519":
2024-09-25 22:19:18,749 [Worker-19: Launching mavenrun-0d7575a8-8734-4c7d-b09f-8e0ace2e1ed5] INFO  o.e.m.i.launch.MavenLaunchDelegate -  mvn  -DarchetypeGroupId=org.apache.maven.archetypes -DarchetypeArtifactId=maven-archetype-quickstart -DarchetypeVersion=1.1 -DgroupId=pwskills -DartifactId=01-SpringJavaConfig-App -Dversion=1.0 -Dpackage=in.pwskills.pritam.main -DoutputDirectory="P:\Microservices JAVA\Spring Projects" -Dstyle.color=always -U archetype:generate
2024-09-25 22:19:31,875 [Worker-6: Creating maven-archetype-quickstart] INFO  o.e.m.c.i.p.ProjectConfigurationManager - Collecting project info '/pom.xml' P:\Microservices JAVA\Spring Projects\01-SpringJavaConfig-App\pom.xml
2024-09-25 22:19:32,570 [Worker-6: Creating maven-archetype-quickstart] INFO  o.e.m.c.i.e.AbstractTransferListenerAdapter - Downloading https://repo.maven.apache.org/maven2/org/apache/maven/plugins/maven-surefire-plugin/3.1.2/maven-surefire-plugin-3.1.2.jar
2024-09-25 22:19:32,690 [Worker-6: Creating maven-archetype-quickstart] INFO  o.e.m.c.i.e.AbstractTransferListenerAdapter - Downloaded https://repo.maven.apache.org/maven2/org/apache/maven/plugins/maven-surefire-plugin/3.1.2/maven-surefire-plugin-3.1.2.jar
2024-09-25 22:19:32,939 [Worker-6: Creating maven-archetype-quickstart] INFO  o.e.m.c.i.l.LifecycleMappingFactory - Using org.eclipse.m2e.jdt.JarLifecycleMapping lifecycle mapping for MavenProject: pwskills:01-SpringJavaConfig-App:1.0 @ P:\Microservices JAVA\Spring Projects\01-SpringJavaConfig-App\pom.xml.
2024-09-25 22:19:33,088 [Worker-6: Creating maven-archetype-quickstart] INFO  o.e.m.c.i.e.AbstractTransferListenerAdapter - Downloading https://repo.maven.apache.org/maven2/org/apache/maven/plugins/maven-surefire-plugin/3.1.2/maven-surefire-plugin-3.1.2.pom
2024-09-25 22:19:33,099 [Worker-6: Creating maven-archetype-quickstart] INFO  o.e.m.c.i.e.AbstractTransferListenerAdapter - Downloaded https://repo.maven.apache.org/maven2/org/apache/maven/plugins/maven-surefire-plugin/3.1.2/maven-surefire-plugin-3.1.2.pom
2024-09-25 22:19:33,171 [Worker-6: Creating maven-archetype-quickstart] INFO  o.e.m.c.i.e.AbstractTransferListenerAdapter - Downloading https://repo.maven.apache.org/maven2/org/apache/maven/surefire/surefire/3.1.2/surefire-3.1.2.pom
2024-09-25 22:19:33,184 [Worker-6: Creating maven-archetype-quickstart] INFO  o.e.m.c.i.e.AbstractTransferListenerAdapter - Downloaded https://repo.maven.apache.org/maven2/org/apache/maven/surefire/surefire/3.1.2/surefire-3.1.2.pom
2024-09-25 22:19:33,286 [Worker-6: Creating maven-archetype-quickstart] INFO  o.e.m.c.i.e.AbstractTransferListenerAdapter - Downloading https://repo.maven.apache.org/maven2/org/apache/maven/plugins/maven-jar-plugin/3.3.0/maven-jar-plugin-3.3.0.pom
2024-09-25 22:19:33,295 [Worker-6: Creating maven-archetype-quickstart] INFO  o.e.m.c.i.e.AbstractTransferListenerAdapter - Downloaded https://repo.maven.apache.org/maven2/org/apache/maven/plugins/maven-jar-plugin/3.3.0/maven-jar-plugin-3.3.0.pom
2024-09-25 22:19:33,365 [Worker-6: Creating maven-archetype-quickstart] INFO  o.e.m.c.i.e.AbstractTransferListenerAdapter - Downloading https://repo.maven.apache.org/maven2/org/apache/maven/plugins/maven-plugins/37/maven-plugins-37.pom
2024-09-25 22:19:33,373 [Worker-6: Creating maven-archetype-quickstart] INFO  o.e.m.c.i.e.AbstractTransferListenerAdapter - Downloaded https://repo.maven.apache.org/maven2/org/apache/maven/plugins/maven-plugins/37/maven-plugins-37.pom
2024-09-25 22:19:33,466 [Worker-6: Creating maven-archetype-quickstart] INFO  o.e.m.c.i.e.AbstractTransferListenerAdapter - Downloading https://repo.maven.apache.org/maven2/org/apache/maven/maven-parent/37/maven-parent-37.pom
2024-09-25 22:19:33,474 [Worker-6: Creating maven-archetype-quickstart] INFO  o.e.m.c.i.e.AbstractTransferListenerAdapter - Downloaded https://repo.maven.apache.org/maven2/org/apache/maven/maven-parent/37/maven-parent-37.pom
2024-09-25 22:19:33,570 [Worker-6: Creating maven-archetype-quickstart] INFO  o.e.m.c.i.e.AbstractTransferListenerAdapter - Downloading https://repo.maven.apache.org/maven2/org/apache/apache/27/apache-27.pom
2024-09-25 22:19:33,594 [Worker-6: Creating maven-archetype-quickstart] INFO  o.e.m.c.i.e.AbstractTransferListenerAdapter - Downloaded https://repo.maven.apache.org/maven2/org/apache/apache/27/apache-27.pom
2024-09-25 22:19:33,731 [Worker-6: Creating maven-archetype-quickstart] INFO  o.e.m.c.i.e.AbstractTransferListenerAdapter - Downloading https://repo.maven.apache.org/maven2/org/apache/maven/maven-archiver/3.6.0/maven-archiver-3.6.0.pom
2024-09-25 22:19:33,735 [Worker-6: Creating maven-archetype-quickstart] INFO  o.e.m.c.i.e.AbstractTransferListenerAdapter - Downloaded https://repo.maven.apache.org/maven2/org/apache/maven/maven-archiver/3.6.0/maven-archiver-3.6.0.pom
2024-09-25 22:19:33,805 [Worker-6: Creating maven-archetype-quickstart] INFO  o.e.m.c.i.e.AbstractTransferListenerAdapter - Downloading https://repo.maven.apache.org/maven2/org/codehaus/plexus/plexus-io/3.4.0/plexus-io-3.4.0.pom
2024-09-25 22:19:33,811 [Worker-6: Creating maven-archetype-quickstart] INFO  o.e.m.c.i.e.AbstractTransferListenerAdapter - Downloaded https://repo.maven.apache.org/maven2/org/codehaus/plexus/plexus-io/3.4.0/plexus-io-3.4.0.pom
2024-09-25 22:19:33,895 [Worker-6: Creating maven-archetype-quickstart] INFO  o.e.m.c.i.e.AbstractTransferListenerAdapter - Downloading https://repo.maven.apache.org/maven2/org/codehaus/plexus/plexus-archiver/4.4.0/plexus-archiver-4.4.0.pom
2024-09-25 22:19:33,898 [Worker-6: Creating maven-archetype-quickstart] INFO  o.e.m.c.i.e.AbstractTransferListenerAdapter - Downloaded https://repo.maven.apache.org/maven2/org/codehaus/plexus/plexus-archiver/4.4.0/plexus-archiver-4.4.0.pom
2024-09-25 22:19:33,966 [Worker-6: Creating maven-archetype-quickstart] INFO  o.e.m.c.i.e.AbstractTransferListenerAdapter - Downloading https://repo.maven.apache.org/maven2/org/apache/commons/commons-compress/1.21/commons-compress-1.21.pom
2024-09-25 22:19:33,975 [Worker-6: Creating maven-archetype-quickstart] INFO  o.e.m.c.i.e.AbstractTransferListenerAdapter - Downloaded https://repo.maven.apache.org/maven2/org/apache/commons/commons-compress/1.21/commons-compress-1.21.pom
2024-09-25 22:19:34,095 [Worker-6: Creating maven-archetype-quickstart] INFO  o.e.m.c.i.e.AbstractTransferListenerAdapter - Downloading https://repo.maven.apache.org/maven2/org/codehaus/plexus/plexus-utils/3.4.2/plexus-utils-3.4.2.pom
2024-09-25 22:19:34,096 [Worker-6: Creating maven-archetype-quickstart] INFO  o.e.m.c.i.e.AbstractTransferListenerAdapter - Downloaded https://repo.maven.apache.org/maven2/org/codehaus/plexus/plexus-utils/3.4.2/plexus-utils-3.4.2.pom
2024-09-25 22:19:34,170 [Worker-6: Creating maven-archetype-quickstart] INFO  o.e.m.c.i.e.AbstractTransferListenerAdapter - Downloading https://repo.maven.apache.org/maven2/org/codehaus/plexus/plexus/8/plexus-8.pom
2024-09-25 22:19:34,180 [Worker-6: Creating maven-archetype-quickstart] INFO  o.e.m.c.i.e.AbstractTransferListenerAdapter - Downloaded https://repo.maven.apache.org/maven2/org/codehaus/plexus/plexus/8/plexus-8.pom
2024-09-25 22:19:34,288 [Worker-6: Creating maven-archetype-quickstart] INFO  o.e.m.c.i.e.AbstractTransferListenerAdapter - Downloading https://repo.maven.apache.org/maven2/org/apache/maven/maven-archiver/3.6.0/maven-archiver-3.6.0.jar
2024-09-25 22:19:34,301 [Worker-6: Creating maven-archetype-quickstart] INFO  o.e.m.c.i.e.AbstractTransferListenerAdapter - Downloaded https://repo.maven.apache.org/maven2/org/apache/maven/maven-archiver/3.6.0/maven-archiver-3.6.0.jar
2024-09-25 22:19:34,370 [BasicRepositoryConnector-repo.maven.apache.org-0-2] INFO  o.e.m.c.i.e.AbstractTransferListenerAdapter - Downloading https://repo.maven.apache.org/maven2/org/apache/commons/commons-compress/1.21/commons-compress-1.21.jar
2024-09-25 22:19:34,526 [BasicRepositoryConnector-repo.maven.apache.org-0-1] INFO  o.e.m.c.i.e.AbstractTransferListenerAdapter - Downloading https://repo.maven.apache.org/maven2/org/codehaus/plexus/plexus-archiver/4.4.0/plexus-archiver-4.4.0.jar
2024-09-25 22:19:34,540 [BasicRepositoryConnector-repo.maven.apache.org-0-0] INFO  o.e.m.c.i.e.AbstractTransferListenerAdapter - Downloading https://repo.maven.apache.org/maven2/org/codehaus/plexus/plexus-io/3.4.0/plexus-io-3.4.0.jar
2024-09-25 22:19:34,540 [BasicRepositoryConnector-repo.maven.apache.org-0-3] INFO  o.e.m.c.i.e.AbstractTransferListenerAdapter - Downloading https://repo.maven.apache.org/maven2/org/codehaus/plexus/plexus-utils/3.4.2/plexus-utils-3.4.2.jar
2024-09-25 22:19:34,755 [BasicRepositoryConnector-repo.maven.apache.org-0-0] INFO  o.e.m.c.i.e.AbstractTransferListenerAdapter - Downloaded https://repo.maven.apache.org/maven2/org/codehaus/plexus/plexus-io/3.4.0/plexus-io-3.4.0.jar
2024-09-25 22:19:34,889 [BasicRepositoryConnector-repo.maven.apache.org-0-2] INFO  o.e.m.c.i.e.AbstractTransferListenerAdapter - Downloaded https://repo.maven.apache.org/maven2/org/apache/commons/commons-compress/1.21/commons-compress-1.21.jar
2024-09-25 22:19:35,012 [BasicRepositoryConnector-repo.maven.apache.org-0-3] INFO  o.e.m.c.i.e.AbstractTransferListenerAdapter - Downloaded https://repo.maven.apache.org/maven2/org/codehaus/plexus/plexus-utils/3.4.2/plexus-utils-3.4.2.jar
2024-09-25 22:19:35,016 [BasicRepositoryConnector-repo.maven.apache.org-0-1] INFO  o.e.m.c.i.e.AbstractTransferListenerAdapter - Downloaded https://repo.maven.apache.org/maven2/org/codehaus/plexus/plexus-archiver/4.4.0/plexus-archiver-4.4.0.jar
2024-09-25 22:19:35,238 [Worker-6: Creating maven-archetype-quickstart] INFO  o.e.m.j.i.AbstractJavaProjectConfigurator - Adding source folder /01-SpringJavaConfig-App/src/main/java
2024-09-25 22:19:35,239 [Worker-6: Creating maven-archetype-quickstart] INFO  o.e.m.j.i.AbstractJavaProjectConfigurator - Adding resource folder /01-SpringJavaConfig-App/src/main/resources
2024-09-25 22:19:35,241 [Worker-6: Creating maven-archetype-quickstart] INFO  o.e.m.j.i.AbstractJavaProjectConfigurator - Adding source folder /01-SpringJavaConfig-App/src/test/java
2024-09-25 22:19:35,241 [Worker-6: Creating maven-archetype-quickstart] INFO  o.e.m.j.i.AbstractJavaProjectConfigurator - Adding resource folder /01-SpringJavaConfig-App/src/test/resources
2024-09-25 22:19:35,311 [Worker-6: Creating maven-archetype-quickstart] INFO  o.e.m.c.i.p.ProjectConfigurationManager - Imported and configured 1 project(s) in 3 sec
2024-09-25 22:19:36,184 [Worker-38: Building] INFO  o.a.m.s.f.DefaultMavenResourcesFiltering - skip non existing resourceDirectory P:\Microservices JAVA\Spring Projects\01-SpringJavaConfig-App\src\main\resources
2024-09-25 22:19:36,188 [Worker-38: Building] INFO  o.a.m.s.f.DefaultMavenResourcesFiltering - skip non existing resourceDirectory P:\Microservices JAVA\Spring Projects\01-SpringJavaConfig-App\src\test\resources
2024-09-25 22:19:36,449 [Worker-39: Download sources and javadoc] INFO  o.e.m.c.i.e.AbstractTransferListenerAdapter - Downloading https://repo.maven.apache.org/maven2/junit/junit/3.8.1/junit-3.8.1-sources.jar
2024-09-25 22:19:36,539 [Worker-39: Download sources and javadoc] INFO  o.e.m.c.i.e.AbstractTransferListenerAdapter - Downloaded https://repo.maven.apache.org/maven2/junit/junit/3.8.1/junit-3.8.1-sources.jar
2024-09-25 22:19:36,542 [Worker-39: Download sources and javadoc] INFO  o.e.m.j.internal.DownloadSourcesJob - Downloaded sources for junit:junit:3.8.1
2024-09-25 22:24:15,169 [Worker-45: Building] INFO  o.e.m.c.i.l.LifecycleMappingFactory - Using org.eclipse.m2e.jdt.JarLifecycleMapping lifecycle mapping for MavenProject: pwskills:01-SpringJavaConfig-App:1.0 @ P:\Microservices JAVA\Spring Projects\01-SpringJavaConfig-App\pom.xml.
2024-09-25 22:24:15,367 [Worker-45: Building] INFO  o.e.m.c.i.e.AbstractTransferListenerAdapter - Downloading https://repo.maven.apache.org/maven2/org/springframework/spring-context/5.3.25/spring-context-5.3.25.pom
2024-09-25 22:24:15,371 [Worker-45: Building] INFO  o.e.m.c.i.e.AbstractTransferListenerAdapter - Downloaded https://repo.maven.apache.org/maven2/org/springframework/spring-context/5.3.25/spring-context-5.3.25.pom
2024-09-25 22:24:15,445 [Worker-45: Building] INFO  o.e.m.c.i.e.AbstractTransferListenerAdapter - Downloading https://repo.maven.apache.org/maven2/org/springframework/spring-aop/5.3.25/spring-aop-5.3.25.pom
2024-09-25 22:24:15,448 [Worker-45: Building] INFO  o.e.m.c.i.e.AbstractTransferListenerAdapter - Downloaded https://repo.maven.apache.org/maven2/org/springframework/spring-aop/5.3.25/spring-aop-5.3.25.pom
2024-09-25 22:24:15,525 [Worker-45: Building] INFO  o.e.m.c.i.e.AbstractTransferListenerAdapter - Downloading https://repo.maven.apache.org/maven2/org/springframework/spring-beans/5.3.25/spring-beans-5.3.25.pom
2024-09-25 22:24:15,527 [Worker-45: Building] INFO  o.e.m.c.i.e.AbstractTransferListenerAdapter - Downloaded https://repo.maven.apache.org/maven2/org/springframework/spring-beans/5.3.25/spring-beans-5.3.25.pom
2024-09-25 22:24:15,583 [Worker-45: Building] INFO  o.e.m.c.i.e.AbstractTransferListenerAdapter - Downloading https://repo.maven.apache.org/maven2/org/springframework/spring-core/5.3.25/spring-core-5.3.25.pom
2024-09-25 22:24:15,587 [Worker-45: Building] INFO  o.e.m.c.i.e.AbstractTransferListenerAdapter - Downloaded https://repo.maven.apache.org/maven2/org/springframework/spring-core/5.3.25/spring-core-5.3.25.pom
2024-09-25 22:24:15,646 [Worker-45: Building] INFO  o.e.m.c.i.e.AbstractTransferListenerAdapter - Downloading https://repo.maven.apache.org/maven2/org/springframework/spring-jcl/5.3.25/spring-jcl-5.3.25.pom
2024-09-25 22:24:15,648 [Worker-45: Building] INFO  o.e.m.c.i.e.AbstractTransferListenerAdapter - Downloaded https://repo.maven.apache.org/maven2/org/springframework/spring-jcl/5.3.25/spring-jcl-5.3.25.pom
2024-09-25 22:24:15,725 [Worker-45: Building] INFO  o.e.m.c.i.e.AbstractTransferListenerAdapter - Downloading https://repo.maven.apache.org/maven2/org/springframework/spring-expression/5.3.25/spring-expression-5.3.25.pom
2024-09-25 22:24:15,730 [Worker-45: Building] INFO  o.e.m.c.i.e.AbstractTransferListenerAdapter - Downloaded https://repo.maven.apache.org/maven2/org/springframework/spring-expression/5.3.25/spring-expression-5.3.25.pom
2024-09-25 22:24:16,015 [Worker-45: Building] INFO  o.e.m.c.i.e.AbstractTransferListenerAdapter - Downloading https://repo.maven.apache.org/maven2/org/springframework/spring-context/5.3.25/spring-context-5.3.25.jar
2024-09-25 22:24:17,029 [Worker-45: Building] INFO  o.e.m.c.i.e.AbstractTransferListenerAdapter - Downloaded https://repo.maven.apache.org/maven2/org/springframework/spring-context/5.3.25/spring-context-5.3.25.jar
2024-09-25 22:24:17,087 [BasicRepositoryConnector-repo.maven.apache.org-1-1] INFO  o.e.m.c.i.e.AbstractTransferListenerAdapter - Downloading https://repo.maven.apache.org/maven2/org/springframework/spring-beans/5.3.25/spring-beans-5.3.25.jar
2024-09-25 22:24:17,245 [BasicRepositoryConnector-repo.maven.apache.org-1-2] INFO  o.e.m.c.i.e.AbstractTransferListenerAdapter - Downloading https://repo.maven.apache.org/maven2/org/springframework/spring-core/5.3.25/spring-core-5.3.25.jar
2024-09-25 22:24:17,251 [BasicRepositoryConnector-repo.maven.apache.org-1-3] INFO  o.e.m.c.i.e.AbstractTransferListenerAdapter - Downloading https://repo.maven.apache.org/maven2/org/springframework/spring-jcl/5.3.25/spring-jcl-5.3.25.jar
2024-09-25 22:24:17,251 [BasicRepositoryConnector-repo.maven.apache.org-1-4] INFO  o.e.m.c.i.e.AbstractTransferListenerAdapter - Downloading https://repo.maven.apache.org/maven2/org/springframework/spring-expression/5.3.25/spring-expression-5.3.25.jar
2024-09-25 22:24:17,259 [BasicRepositoryConnector-repo.maven.apache.org-1-0] INFO  o.e.m.c.i.e.AbstractTransferListenerAdapter - Downloading https://repo.maven.apache.org/maven2/org/springframework/spring-aop/5.3.25/spring-aop-5.3.25.jar
2024-09-25 22:24:17,273 [BasicRepositoryConnector-repo.maven.apache.org-1-3] INFO  o.e.m.c.i.e.AbstractTransferListenerAdapter - Downloaded https://repo.maven.apache.org/maven2/org/springframework/spring-jcl/5.3.25/spring-jcl-5.3.25.jar
2024-09-25 22:24:17,434 [BasicRepositoryConnector-repo.maven.apache.org-1-1] INFO  o.e.m.c.i.e.AbstractTransferListenerAdapter - Downloaded https://repo.maven.apache.org/maven2/org/springframework/spring-beans/5.3.25/spring-beans-5.3.25.jar
2024-09-25 22:24:17,611 [BasicRepositoryConnector-repo.maven.apache.org-1-4] INFO  o.e.m.c.i.e.AbstractTransferListenerAdapter - Downloaded https://repo.maven.apache.org/maven2/org/springframework/spring-expression/5.3.25/spring-expression-5.3.25.jar
2024-09-25 22:24:17,650 [BasicRepositoryConnector-repo.maven.apache.org-1-0] INFO  o.e.m.c.i.e.AbstractTransferListenerAdapter - Downloaded https://repo.maven.apache.org/maven2/org/springframework/spring-aop/5.3.25/spring-aop-5.3.25.jar
2024-09-25 22:24:18,238 [BasicRepositoryConnector-repo.maven.apache.org-1-2] INFO  o.e.m.c.i.e.AbstractTransferListenerAdapter - Downloaded https://repo.maven.apache.org/maven2/org/springframework/spring-core/5.3.25/spring-core-5.3.25.jar
2024-09-25 22:24:18,334 [Worker-45: Building] INFO  o.a.m.s.f.DefaultMavenResourcesFiltering - skip non existing resourceDirectory P:\Microservices JAVA\Spring Projects\01-SpringJavaConfig-App\src\main\resources
2024-09-25 22:24:18,337 [Worker-45: Building] INFO  o.a.m.s.f.DefaultMavenResourcesFiltering - skip non existing resourceDirectory P:\Microservices JAVA\Spring Projects\01-SpringJavaConfig-App\src\test\resources
2024-09-25 22:24:19,609 [Worker-47: Download sources and javadoc] INFO  o.e.m.c.i.e.AbstractTransferListenerAdapter - Downloading https://repo.maven.apache.org/maven2/org/springframework/spring-context/5.3.25/spring-context-5.3.25-sources.jar
2024-09-25 22:24:20,425 [Worker-47: Download sources and javadoc] INFO  o.e.m.c.i.e.AbstractTransferListenerAdapter - Downloaded https://repo.maven.apache.org/maven2/org/springframework/spring-context/5.3.25/spring-context-5.3.25-sources.jar
2024-09-25 22:24:20,428 [Worker-47: Download sources and javadoc] INFO  o.e.m.j.internal.DownloadSourcesJob - Downloaded sources for org.springframework:spring-context:5.3.25
2024-09-25 22:24:20,648 [Worker-47: Download sources and javadoc] INFO  o.e.m.c.i.e.AbstractTransferListenerAdapter - Downloading https://repo.maven.apache.org/maven2/org/springframework/spring-aop/5.3.25/spring-aop-5.3.25-sources.jar
2024-09-25 22:24:21,019 [Worker-47: Download sources and javadoc] INFO  o.e.m.c.i.e.AbstractTransferListenerAdapter - Downloaded https://repo.maven.apache.org/maven2/org/springframework/spring-aop/5.3.25/spring-aop-5.3.25-sources.jar
2024-09-25 22:24:21,020 [Worker-47: Download sources and javadoc] INFO  o.e.m.j.internal.DownloadSourcesJob - Downloaded sources for org.springframework:spring-aop:5.3.25
2024-09-25 22:24:21,205 [Worker-47: Download sources and javadoc] INFO  o.e.m.c.i.e.AbstractTransferListenerAdapter - Downloading https://repo.maven.apache.org/maven2/org/springframework/spring-beans/5.3.25/spring-beans-5.3.25-sources.jar
2024-09-25 22:24:21,576 [Worker-47: Download sources and javadoc] INFO  o.e.m.c.i.e.AbstractTransferListenerAdapter - Downloaded https://repo.maven.apache.org/maven2/org/springframework/spring-beans/5.3.25/spring-beans-5.3.25-sources.jar
2024-09-25 22:24:21,578 [Worker-47: Download sources and javadoc] INFO  o.e.m.j.internal.DownloadSourcesJob - Downloaded sources for org.springframework:spring-beans:5.3.25
2024-09-25 22:24:21,807 [Worker-47: Download sources and javadoc] INFO  o.e.m.c.i.e.AbstractTransferListenerAdapter - Downloading https://repo.maven.apache.org/maven2/org/springframework/spring-core/5.3.25/spring-core-5.3.25-sources.jar
2024-09-25 22:24:22,286 [Worker-47: Download sources and javadoc] INFO  o.e.m.c.i.e.AbstractTransferListenerAdapter - Downloaded https://repo.maven.apache.org/maven2/org/springframework/spring-core/5.3.25/spring-core-5.3.25-sources.jar
2024-09-25 22:24:22,288 [Worker-47: Download sources and javadoc] INFO  o.e.m.j.internal.DownloadSourcesJob - Downloaded sources for org.springframework:spring-core:5.3.25
2024-09-25 22:24:22,525 [Worker-47: Download sources and javadoc] INFO  o.e.m.c.i.e.AbstractTransferListenerAdapter - Downloading https://repo.maven.apache.org/maven2/org/springframework/spring-jcl/5.3.25/spring-jcl-5.3.25-sources.jar
2024-09-25 22:24:22,528 [Worker-47: Download sources and javadoc] INFO  o.e.m.c.i.e.AbstractTransferListenerAdapter - Downloaded https://repo.maven.apache.org/maven2/org/springframework/spring-jcl/5.3.25/spring-jcl-5.3.25-sources.jar
2024-09-25 22:24:22,530 [Worker-47: Download sources and javadoc] INFO  o.e.m.j.internal.DownloadSourcesJob - Downloaded sources for org.springframework:spring-jcl:5.3.25
2024-09-25 22:24:22,729 [Worker-47: Download sources and javadoc] INFO  o.e.m.c.i.e.AbstractTransferListenerAdapter - Downloading https://repo.maven.apache.org/maven2/org/springframework/spring-expression/5.3.25/spring-expression-5.3.25-sources.jar
2024-09-25 22:24:22,943 [Worker-47: Download sources and javadoc] INFO  o.e.m.c.i.e.AbstractTransferListenerAdapter - Downloaded https://repo.maven.apache.org/maven2/org/springframework/spring-expression/5.3.25/spring-expression-5.3.25-sources.jar
2024-09-25 22:24:22,944 [Worker-47: Download sources and javadoc] INFO  o.e.m.j.internal.DownloadSourcesJob - Downloaded sources for org.springframework:spring-expression:5.3.25
2024-09-25 22:24:41,929 [Worker-19: Building] INFO  o.a.m.s.f.DefaultMavenResourcesFiltering - skip non existing resourceDirectory P:\Microservices JAVA\Spring Projects\01-SpringJavaConfig-App\src\main\resources
2024-09-25 22:24:41,930 [Worker-19: Building] INFO  o.a.m.s.f.DefaultMavenResourcesFiltering - skip non existing resourceDirectory P:\Microservices JAVA\Spring Projects\01-SpringJavaConfig-App\src\test\resources
2024-09-25 22:26:53,403 [Worker-45: Building] INFO  o.a.m.s.f.DefaultMavenResourcesFiltering - skip non existing resourceDirectory P:\Microservices JAVA\Spring Projects\01-SpringJavaConfig-App\src\main\resources
2024-09-25 22:26:53,405 [Worker-45: Building] INFO  o.a.m.s.f.DefaultMavenResourcesFiltering - skip non existing resourceDirectory P:\Microservices JAVA\Spring Projects\01-SpringJavaConfig-App\src\test\resources
2024-09-25 22:29:26,118 [Worker-48: Building] INFO  o.a.m.s.f.DefaultMavenResourcesFiltering - skip non existing resourceDirectory P:\Microservices JAVA\Spring Projects\01-SpringJavaConfig-App\src\main\resources
2024-09-25 22:29:26,121 [Worker-48: Building] INFO  o.a.m.s.f.DefaultMavenResourcesFiltering - skip non existing resourceDirectory P:\Microservices JAVA\Spring Projects\01-SpringJavaConfig-App\src\test\resources
2024-09-25 22:29:50,101 [Worker-48: Building] INFO  o.a.m.s.f.DefaultMavenResourcesFiltering - skip non existing resourceDirectory P:\Microservices JAVA\Spring Projects\01-SpringJavaConfig-App\src\main\resources
2024-09-25 22:29:50,103 [Worker-48: Building] INFO  o.a.m.s.f.DefaultMavenResourcesFiltering - skip non existing resourceDirectory P:\Microservices JAVA\Spring Projects\01-SpringJavaConfig-App\src\test\resources
2024-09-25 22:32:19,512 [Worker-49: Building] INFO  o.a.m.s.f.DefaultMavenResourcesFiltering - skip non existing resourceDirectory P:\Microservices JAVA\Spring Projects\01-SpringJavaConfig-App\src\main\resources
2024-09-25 22:32:19,513 [Worker-49: Building] INFO  o.a.m.s.f.DefaultMavenResourcesFiltering - skip non existing resourceDirectory P:\Microservices JAVA\Spring Projects\01-SpringJavaConfig-App\src\test\resources
2024-09-25 22:36:21,439 [Worker-47: Building] INFO  o.a.m.s.f.DefaultMavenResourcesFiltering - skip non existing resourceDirectory P:\Microservices JAVA\Spring Projects\01-SpringJavaConfig-App\src\main\resources
2024-09-25 22:36:21,440 [Worker-47: Building] INFO  o.a.m.s.f.DefaultMavenResourcesFiltering - skip non existing resourceDirectory P:\Microservices JAVA\Spring Projects\01-SpringJavaConfig-App\src\test\resources
2024-09-25 22:42:17,040 [Worker-56: Building] INFO  o.a.m.s.f.DefaultMavenResourcesFiltering - skip non existing resourceDirectory P:\Microservices JAVA\Spring Projects\01-SpringJavaConfig-App\src\main\resources
2024-09-25 22:42:17,042 [Worker-56: Building] INFO  o.a.m.s.f.DefaultMavenResourcesFiltering - skip non existing resourceDirectory P:\Microservices JAVA\Spring Projects\01-SpringJavaConfig-App\src\test\resources
2024-09-25 22:43:42,859 [Worker-53: Launching TestApp] INFO  o.a.m.s.f.DefaultMavenResourcesFiltering - skip non existing resourceDirectory P:\Microservices JAVA\Spring Projects\01-SpringJavaConfig-App\src\main\resources
2024-09-25 22:43:42,861 [Worker-53: Launching TestApp] INFO  o.a.m.s.f.DefaultMavenResourcesFiltering - skip non existing resourceDirectory P:\Microservices JAVA\Spring Projects\01-SpringJavaConfig-App\src\test\resources
2024-09-25 22:44:47,986 [Worker-54: Building] INFO  o.a.m.s.f.DefaultMavenResourcesFiltering - skip non existing resourceDirectory P:\Microservices JAVA\Spring Projects\01-SpringJavaConfig-App\src\main\resources
2024-09-25 22:44:47,987 [Worker-54: Building] INFO  o.a.m.s.f.DefaultMavenResourcesFiltering - skip non existing resourceDirectory P:\Microservices JAVA\Spring Projects\01-SpringJavaConfig-App\src\test\resources
2024-09-25 22:44:55,489 [Worker-56: Building] INFO  o.a.m.s.f.DefaultMavenResourcesFiltering - skip non existing resourceDirectory P:\Microservices JAVA\Spring Projects\01-SpringJavaConfig-App\src\main\resources
2024-09-25 22:44:55,489 [Worker-56: Building] INFO  o.a.m.s.f.DefaultMavenResourcesFiltering - skip non existing resourceDirectory P:\Microservices JAVA\Spring Projects\01-SpringJavaConfig-App\src\test\resources
2024-09-27 00:14:54,707 [Worker-4: Loading available Gradle versions] INFO  o.e.b.c.i.u.g.PublishedGradleVersions - Gradle version information cache is out-of-date. Trying to update.
2024-09-27 00:32:37,154 [Worker-41: Building] INFO  o.e.m.c.i.l.LifecycleMappingFactory - Using org.eclipse.m2e.jdt.JarLifecycleMapping lifecycle mapping for MavenProject: pwskills:01-SpringJavaConfig-App:1.0 @ P:\Microservices JAVA\Spring Projects\02-SpringJavaConfig-App-referenceType[has-a]\pom.xml.
2024-09-27 00:32:37,495 [Worker-41: Building] INFO  o.a.m.s.f.DefaultMavenResourcesFiltering - skip non existing resourceDirectory P:\Microservices JAVA\Spring Projects\02-SpringJavaConfig-App-referenceType[has-a]\src\main\resources
2024-09-27 00:32:37,498 [Worker-41: Building] INFO  o.a.m.s.f.DefaultMavenResourcesFiltering - skip non existing resourceDirectory P:\Microservices JAVA\Spring Projects\02-SpringJavaConfig-App-referenceType[has-a]\src\test\resources
2024-09-27 00:33:52,965 [Worker-39: Building] INFO  o.a.m.s.f.DefaultMavenResourcesFiltering - skip non existing resourceDirectory P:\Microservices JAVA\Spring Projects\02-SpringJavaConfig-App-referenceType[has-a]\src\main\resources
2024-09-27 00:33:52,966 [Worker-39: Building] INFO  o.a.m.s.f.DefaultMavenResourcesFiltering - skip non existing resourceDirectory P:\Microservices JAVA\Spring Projects\02-SpringJavaConfig-App-referenceType[has-a]\src\test\resources
2024-09-27 00:34:36,134 [Worker-43: Building] INFO  o.a.m.s.f.DefaultMavenResourcesFiltering - skip non existing resourceDirectory P:\Microservices JAVA\Spring Projects\02-SpringJavaConfig-App-referenceType[has-a]\src\main\resources
2024-09-27 00:34:36,135 [Worker-43: Building] INFO  o.a.m.s.f.DefaultMavenResourcesFiltering - skip non existing resourceDirectory P:\Microservices JAVA\Spring Projects\02-SpringJavaConfig-App-referenceType[has-a]\src\test\resources
2024-09-27 00:34:50,840 [Worker-43: Building] INFO  o.a.m.s.f.DefaultMavenResourcesFiltering - skip non existing resourceDirectory P:\Microservices JAVA\Spring Projects\02-SpringJavaConfig-App-referenceType[has-a]\src\main\resources
2024-09-27 00:34:50,842 [Worker-43: Building] INFO  o.a.m.s.f.DefaultMavenResourcesFiltering - skip non existing resourceDirectory P:\Microservices JAVA\Spring Projects\02-SpringJavaConfig-App-referenceType[has-a]\src\test\resources
2024-09-27 00:36:53,140 [Worker-40: Building] INFO  o.a.m.s.f.DefaultMavenResourcesFiltering - skip non existing resourceDirectory P:\Microservices JAVA\Spring Projects\02-SpringJavaConfig-App-referenceType[has-a]\src\main\resources
2024-09-27 00:36:53,143 [Worker-40: Building] INFO  o.a.m.s.f.DefaultMavenResourcesFiltering - skip non existing resourceDirectory P:\Microservices JAVA\Spring Projects\02-SpringJavaConfig-App-referenceType[has-a]\src\test\resources
2024-09-27 00:48:17,942 [Worker-48: Building] INFO  o.a.m.s.f.DefaultMavenResourcesFiltering - skip non existing resourceDirectory P:\Microservices JAVA\Spring Projects\02-SpringJavaConfig-App-referenceType[has-a]\src\main\resources
2024-09-27 00:48:17,943 [Worker-48: Building] INFO  o.a.m.s.f.DefaultMavenResourcesFiltering - skip non existing resourceDirectory P:\Microservices JAVA\Spring Projects\02-SpringJavaConfig-App-referenceType[has-a]\src\test\resources
2024-09-27 00:48:21,064 [Worker-47: Building] INFO  o.a.m.s.f.DefaultMavenResourcesFiltering - skip non existing resourceDirectory P:\Microservices JAVA\Spring Projects\02-SpringJavaConfig-App-referenceType[has-a]\src\main\resources
2024-09-27 00:48:21,065 [Worker-47: Building] INFO  o.a.m.s.f.DefaultMavenResourcesFiltering - skip non existing resourceDirectory P:\Microservices JAVA\Spring Projects\02-SpringJavaConfig-App-referenceType[has-a]\src\test\resources
2024-09-27 00:51:40,833 [Worker-50: Building] INFO  o.a.m.s.f.DefaultMavenResourcesFiltering - skip non existing resourceDirectory P:\Microservices JAVA\Spring Projects\02-SpringJavaConfig-App-referenceType[has-a]\src\main\resources
2024-09-27 00:51:40,835 [Worker-50: Building] INFO  o.a.m.s.f.DefaultMavenResourcesFiltering - skip non existing resourceDirectory P:\Microservices JAVA\Spring Projects\02-SpringJavaConfig-App-referenceType[has-a]\src\test\resources
2024-09-27 00:53:47,755 [Worker-49: Launching TestApp (1)] INFO  o.a.m.s.f.DefaultMavenResourcesFiltering - skip non existing resourceDirectory P:\Microservices JAVA\Spring Projects\02-SpringJavaConfig-App-referenceType[has-a]\src\main\resources
2024-09-27 00:53:47,756 [Worker-49: Launching TestApp (1)] INFO  o.a.m.s.f.DefaultMavenResourcesFiltering - skip non existing resourceDirectory P:\Microservices JAVA\Spring Projects\02-SpringJavaConfig-App-referenceType[has-a]\src\test\resources
2024-09-27 01:12:30,059 [Worker-57: Building] INFO  o.e.m.c.i.l.LifecycleMappingFactory - Using org.eclipse.m2e.jdt.JarLifecycleMapping lifecycle mapping for MavenProject: pwskills:01-SpringJavaConfig-App:1.0 @ P:\Microservices JAVA\Spring Projects\03-SpringJavaConfig-App-referenceType[has-a]-Collection\pom.xml.
2024-09-27 01:12:30,090 [Worker-57: Building] INFO  o.a.m.s.f.DefaultMavenResourcesFiltering - skip non existing resourceDirectory P:\Microservices JAVA\Spring Projects\03-SpringJavaConfig-App-referenceType[has-a]-Collection\src\main\resources
2024-09-27 01:12:30,091 [Worker-57: Building] INFO  o.a.m.s.f.DefaultMavenResourcesFiltering - skip non existing resourceDirectory P:\Microservices JAVA\Spring Projects\03-SpringJavaConfig-App-referenceType[has-a]-Collection\src\test\resources
2024-09-27 01:12:31,229 [Worker-57: Building] INFO  o.a.m.s.f.DefaultMavenResourcesFiltering - skip non existing resourceDirectory P:\Microservices JAVA\Spring Projects\03-SpringJavaConfig-App-referenceType[has-a]-Collection\src\main\resources
2024-09-27 01:12:31,230 [Worker-57: Building] INFO  o.a.m.s.f.DefaultMavenResourcesFiltering - skip non existing resourceDirectory P:\Microservices JAVA\Spring Projects\03-SpringJavaConfig-App-referenceType[has-a]-Collection\src\test\resources
2024-09-27 01:13:31,552 [Worker-58: Building] INFO  o.a.m.s.f.DefaultMavenResourcesFiltering - skip non existing resourceDirectory P:\Microservices JAVA\Spring Projects\03-SpringJavaConfig-App-referenceType[has-a]-Collection\src\main\resources
2024-09-27 01:13:31,553 [Worker-58: Building] INFO  o.a.m.s.f.DefaultMavenResourcesFiltering - skip non existing resourceDirectory P:\Microservices JAVA\Spring Projects\03-SpringJavaConfig-App-referenceType[has-a]-Collection\src\test\resources
2024-09-27 01:14:04,638 [Worker-56: Building] INFO  o.a.m.s.f.DefaultMavenResourcesFiltering - skip non existing resourceDirectory P:\Microservices JAVA\Spring Projects\03-SpringJavaConfig-App-referenceType[has-a]-Collection\src\main\resources
2024-09-27 01:14:04,639 [Worker-56: Building] INFO  o.a.m.s.f.DefaultMavenResourcesFiltering - skip non existing resourceDirectory P:\Microservices JAVA\Spring Projects\03-SpringJavaConfig-App-referenceType[has-a]-Collection\src\test\resources
2024-09-27 01:14:09,616 [Worker-55: Building] INFO  o.a.m.s.f.DefaultMavenResourcesFiltering - skip non existing resourceDirectory P:\Microservices JAVA\Spring Projects\03-SpringJavaConfig-App-referenceType[has-a]-Collection\src\main\resources
2024-09-27 01:14:09,617 [Worker-55: Building] INFO  o.a.m.s.f.DefaultMavenResourcesFiltering - skip non existing resourceDirectory P:\Microservices JAVA\Spring Projects\03-SpringJavaConfig-App-referenceType[has-a]-Collection\src\test\resources
2024-09-27 01:14:21,189 [Worker-58: Building] INFO  o.a.m.s.f.DefaultMavenResourcesFiltering - skip non existing resourceDirectory P:\Microservices JAVA\Spring Projects\03-SpringJavaConfig-App-referenceType[has-a]-Collection\src\main\resources
2024-09-27 01:14:21,191 [Worker-58: Building] INFO  o.a.m.s.f.DefaultMavenResourcesFiltering - skip non existing resourceDirectory P:\Microservices JAVA\Spring Projects\03-SpringJavaConfig-App-referenceType[has-a]-Collection\src\test\resources
2024-09-27 01:17:32,191 [Worker-56: Building] INFO  o.a.m.s.f.DefaultMavenResourcesFiltering - skip non existing resourceDirectory P:\Microservices JAVA\Spring Projects\03-SpringJavaConfig-App-referenceType[has-a]-Collection\src\main\resources
2024-09-27 01:17:32,192 [Worker-56: Building] INFO  o.a.m.s.f.DefaultMavenResourcesFiltering - skip non existing resourceDirectory P:\Microservices JAVA\Spring Projects\03-SpringJavaConfig-App-referenceType[has-a]-Collection\src\test\resources
2024-09-27 01:27:41,248 [Worker-63: Building] INFO  o.a.m.s.f.DefaultMavenResourcesFiltering - skip non existing resourceDirectory P:\Microservices JAVA\Spring Projects\03-SpringJavaConfig-App-referenceType[has-a]-Collection\src\main\resources
2024-09-27 01:27:41,248 [Worker-63: Building] INFO  o.a.m.s.f.DefaultMavenResourcesFiltering - skip non existing resourceDirectory P:\Microservices JAVA\Spring Projects\03-SpringJavaConfig-App-referenceType[has-a]-Collection\src\test\resources
2024-09-27 01:28:22,781 [Worker-62: Launching TestApp (2)] INFO  o.a.m.s.f.DefaultMavenResourcesFiltering - skip non existing resourceDirectory P:\Microservices JAVA\Spring Projects\03-SpringJavaConfig-App-referenceType[has-a]-Collection\src\main\resources
2024-09-27 01:28:22,783 [Worker-62: Launching TestApp (2)] INFO  o.a.m.s.f.DefaultMavenResourcesFiltering - skip non existing resourceDirectory P:\Microservices JAVA\Spring Projects\03-SpringJavaConfig-App-referenceType[has-a]-Collection\src\test\resources
2024-09-27 20:53:29,512 [Worker-9: Loading available Gradle versions] INFO  o.e.b.c.i.u.g.PublishedGradleVersions - Gradle version information cache is up-to-date. Trying to read.
2024-09-27 21:00:50,035 [Worker-39: Building] INFO  o.e.m.c.i.l.LifecycleMappingFactory - Using org.eclipse.m2e.jdt.JarLifecycleMapping lifecycle mapping for MavenProject: pwskills:01-SpringJavaConfig-App:1.0 @ P:\Microservices JAVA\Spring Projects\04-SpringJavaConfig-App-referenceType[has-a]-FieldInjections\pom.xml.
2024-09-27 21:00:51,167 [Worker-39: Building] INFO  o.a.m.s.f.DefaultMavenResourcesFiltering - skip non existing resourceDirectory P:\Microservices JAVA\Spring Projects\04-SpringJavaConfig-App-referenceType[has-a]-FieldInjections\src\main\resources
2024-09-27 21:00:51,173 [Worker-39: Building] INFO  o.a.m.s.f.DefaultMavenResourcesFiltering - skip non existing resourceDirectory P:\Microservices JAVA\Spring Projects\04-SpringJavaConfig-App-referenceType[has-a]-FieldInjections\src\test\resources
2024-09-27 21:03:37,735 [Worker-20: Building] INFO  o.a.m.s.f.DefaultMavenResourcesFiltering - skip non existing resourceDirectory P:\Microservices JAVA\Spring Projects\04-SpringJavaConfig-App-referenceType[has-a]-FieldInjections\src\main\resources
2024-09-27 21:03:37,738 [Worker-20: Building] INFO  o.a.m.s.f.DefaultMavenResourcesFiltering - skip non existing resourceDirectory P:\Microservices JAVA\Spring Projects\04-SpringJavaConfig-App-referenceType[has-a]-FieldInjections\src\test\resources
2024-09-27 21:04:06,670 [Worker-39: Launching TestApp (3)] INFO  o.a.m.s.f.DefaultMavenResourcesFiltering - skip non existing resourceDirectory P:\Microservices JAVA\Spring Projects\04-SpringJavaConfig-App-referenceType[has-a]-FieldInjections\src\main\resources
2024-09-27 21:04:06,674 [Worker-39: Launching TestApp (3)] INFO  o.a.m.s.f.DefaultMavenResourcesFiltering - skip non existing resourceDirectory P:\Microservices JAVA\Spring Projects\04-SpringJavaConfig-App-referenceType[has-a]-FieldInjections\src\test\resources
2024-09-27 21:08:20,269 [Worker-11: Building] INFO  o.a.m.s.f.DefaultMavenResourcesFiltering - skip non existing resourceDirectory P:\Microservices JAVA\Spring Projects\04-SpringJavaConfig-App-referenceType[has-a]-FieldInjections\src\main\resources
2024-09-27 21:08:20,270 [Worker-11: Building] INFO  o.a.m.s.f.DefaultMavenResourcesFiltering - skip non existing resourceDirectory P:\Microservices JAVA\Spring Projects\04-SpringJavaConfig-App-referenceType[has-a]-FieldInjections\src\test\resources
2024-09-27 21:08:32,464 [Worker-11: Building] INFO  o.a.m.s.f.DefaultMavenResourcesFiltering - skip non existing resourceDirectory P:\Microservices JAVA\Spring Projects\04-SpringJavaConfig-App-referenceType[has-a]-FieldInjections\src\main\resources
2024-09-27 21:08:32,465 [Worker-11: Building] INFO  o.a.m.s.f.DefaultMavenResourcesFiltering - skip non existing resourceDirectory P:\Microservices JAVA\Spring Projects\04-SpringJavaConfig-App-referenceType[has-a]-FieldInjections\src\test\resources
2024-09-27 21:09:51,576 [Worker-45: Building] INFO  o.a.m.s.f.DefaultMavenResourcesFiltering - skip non existing resourceDirectory P:\Microservices JAVA\Spring Projects\04-SpringJavaConfig-App-referenceType[has-a]-FieldInjections\src\main\resources
2024-09-27 21:09:51,578 [Worker-45: Building] INFO  o.a.m.s.f.DefaultMavenResourcesFiltering - skip non existing resourceDirectory P:\Microservices JAVA\Spring Projects\04-SpringJavaConfig-App-referenceType[has-a]-FieldInjections\src\test\resources
2024-09-27 21:10:25,750 [Worker-46: Building] INFO  o.a.m.s.f.DefaultMavenResourcesFiltering - skip non existing resourceDirectory P:\Microservices JAVA\Spring Projects\04-SpringJavaConfig-App-referenceType[has-a]-FieldInjections\src\main\resources
2024-09-27 21:10:25,752 [Worker-46: Building] INFO  o.a.m.s.f.DefaultMavenResourcesFiltering - skip non existing resourceDirectory P:\Microservices JAVA\Spring Projects\04-SpringJavaConfig-App-referenceType[has-a]-FieldInjections\src\test\resources
2024-09-27 21:12:49,363 [Worker-46: Launching TestApp (3)] INFO  o.a.m.s.f.DefaultMavenResourcesFiltering - skip non existing resourceDirectory P:\Microservices JAVA\Spring Projects\04-SpringJavaConfig-App-referenceType[has-a]-FieldInjections\src\main\resources
2024-09-27 21:12:49,367 [Worker-46: Launching TestApp (3)] INFO  o.a.m.s.f.DefaultMavenResourcesFiltering - skip non existing resourceDirectory P:\Microservices JAVA\Spring Projects\04-SpringJavaConfig-App-referenceType[has-a]-FieldInjections\src\test\resources
2024-09-27 21:14:22,388 [Worker-48: Launching TestApp (3)] INFO  o.a.m.s.f.DefaultMavenResourcesFiltering - skip non existing resourceDirectory P:\Microservices JAVA\Spring Projects\04-SpringJavaConfig-App-referenceType[has-a]-FieldInjections\src\main\resources
2024-09-27 21:14:22,389 [Worker-48: Launching TestApp (3)] INFO  o.a.m.s.f.DefaultMavenResourcesFiltering - skip non existing resourceDirectory P:\Microservices JAVA\Spring Projects\04-SpringJavaConfig-App-referenceType[has-a]-FieldInjections\src\test\resources
2024-09-27 22:46:55,866 [Worker-6: Loading available Gradle versions] INFO  o.e.b.c.i.u.g.PublishedGradleVersions - Gradle version information cache is up-to-date. Trying to read.
2024-09-27 22:47:31,906 [Worker-34: Building] INFO  o.e.m.c.i.l.LifecycleMappingFactory - Using org.eclipse.m2e.jdt.JarLifecycleMapping lifecycle mapping for MavenProject: pwskills:01-SpringJavaConfig-App:1.0 @ P:\Microservices JAVA\Spring Projects\05-SpringJavaConfig-App-referenceType[has-a]-FieldInjection\pom.xml.
2024-09-27 22:47:32,881 [Worker-34: Building] INFO  o.a.m.s.f.DefaultMavenResourcesFiltering - skip non existing resourceDirectory P:\Microservices JAVA\Spring Projects\05-SpringJavaConfig-App-referenceType[has-a]-FieldInjection\src\main\resources
2024-09-27 22:47:32,886 [Worker-34: Building] INFO  o.a.m.s.f.DefaultMavenResourcesFiltering - skip non existing resourceDirectory P:\Microservices JAVA\Spring Projects\05-SpringJavaConfig-App-referenceType[has-a]-FieldInjection\src\test\resources
2024-09-27 22:47:56,937 [Worker-25: Building] INFO  o.a.m.s.f.DefaultMavenResourcesFiltering - skip non existing resourceDirectory P:\Microservices JAVA\Spring Projects\05-SpringJavaConfig-App-referenceType[has-a]-FieldInjection\src\main\resources
2024-09-27 22:47:56,938 [Worker-25: Building] INFO  o.a.m.s.f.DefaultMavenResourcesFiltering - skip non existing resourceDirectory P:\Microservices JAVA\Spring Projects\05-SpringJavaConfig-App-referenceType[has-a]-FieldInjection\src\test\resources
2024-09-27 22:48:22,537 [Worker-36: Building] INFO  o.a.m.s.f.DefaultMavenResourcesFiltering - skip non existing resourceDirectory P:\Microservices JAVA\Spring Projects\05-SpringJavaConfig-App-referenceType[has-a]-FieldInjection\src\main\resources
2024-09-27 22:48:22,539 [Worker-36: Building] INFO  o.a.m.s.f.DefaultMavenResourcesFiltering - skip non existing resourceDirectory P:\Microservices JAVA\Spring Projects\05-SpringJavaConfig-App-referenceType[has-a]-FieldInjection\src\test\resources
2024-09-27 22:48:43,534 [Worker-23: Building] INFO  o.a.m.s.f.DefaultMavenResourcesFiltering - skip non existing resourceDirectory P:\Microservices JAVA\Spring Projects\05-SpringJavaConfig-App-referenceType[has-a]-FieldInjection\src\main\resources
2024-09-27 22:48:43,535 [Worker-23: Building] INFO  o.a.m.s.f.DefaultMavenResourcesFiltering - skip non existing resourceDirectory P:\Microservices JAVA\Spring Projects\05-SpringJavaConfig-App-referenceType[has-a]-FieldInjection\src\test\resources
2024-09-27 22:51:20,631 [Worker-32: Building] INFO  o.a.m.s.f.DefaultMavenResourcesFiltering - skip non existing resourceDirectory P:\Microservices JAVA\Spring Projects\05-SpringJavaConfig-App-referenceType[has-a]-FieldInjection\src\main\resources
2024-09-27 22:51:20,632 [Worker-32: Building] INFO  o.a.m.s.f.DefaultMavenResourcesFiltering - skip non existing resourceDirectory P:\Microservices JAVA\Spring Projects\05-SpringJavaConfig-App-referenceType[has-a]-FieldInjection\src\test\resources
2024-09-27 22:51:34,675 [Worker-16: Building] INFO  o.a.m.s.f.DefaultMavenResourcesFiltering - skip non existing resourceDirectory P:\Microservices JAVA\Spring Projects\05-SpringJavaConfig-App-referenceType[has-a]-FieldInjection\src\main\resources
2024-09-27 22:51:34,676 [Worker-16: Building] INFO  o.a.m.s.f.DefaultMavenResourcesFiltering - skip non existing resourceDirectory P:\Microservices JAVA\Spring Projects\05-SpringJavaConfig-App-referenceType[has-a]-FieldInjection\src\test\resources
2024-09-27 22:52:16,064 [Worker-0: Building] INFO  o.a.m.s.f.DefaultMavenResourcesFiltering - skip non existing resourceDirectory P:\Microservices JAVA\Spring Projects\05-SpringJavaConfig-App-referenceType[has-a]-FieldInjection\src\main\resources
2024-09-27 22:52:16,065 [Worker-0: Building] INFO  o.a.m.s.f.DefaultMavenResourcesFiltering - skip non existing resourceDirectory P:\Microservices JAVA\Spring Projects\05-SpringJavaConfig-App-referenceType[has-a]-FieldInjection\src\test\resources
2024-09-27 22:52:30,320 [Worker-0: Building] INFO  o.a.m.s.f.DefaultMavenResourcesFiltering - skip non existing resourceDirectory P:\Microservices JAVA\Spring Projects\05-SpringJavaConfig-App-referenceType[has-a]-FieldInjection\src\main\resources
2024-09-27 22:52:30,322 [Worker-0: Building] INFO  o.a.m.s.f.DefaultMavenResourcesFiltering - skip non existing resourceDirectory P:\Microservices JAVA\Spring Projects\05-SpringJavaConfig-App-referenceType[has-a]-FieldInjection\src\test\resources
2024-09-27 22:53:37,621 [Worker-32: Building] INFO  o.a.m.s.f.DefaultMavenResourcesFiltering - skip non existing resourceDirectory P:\Microservices JAVA\Spring Projects\05-SpringJavaConfig-App-referenceType[has-a]-FieldInjection\src\main\resources
2024-09-27 22:53:37,622 [Worker-32: Building] INFO  o.a.m.s.f.DefaultMavenResourcesFiltering - skip non existing resourceDirectory P:\Microservices JAVA\Spring Projects\05-SpringJavaConfig-App-referenceType[has-a]-FieldInjection\src\test\resources
2024-09-27 22:57:16,794 [Worker-29: Building] INFO  o.a.m.s.f.DefaultMavenResourcesFiltering - skip non existing resourceDirectory P:\Microservices JAVA\Spring Projects\05-SpringJavaConfig-App-referenceType[has-a]-FieldInjection\src\main\resources
2024-09-27 22:57:16,795 [Worker-29: Building] INFO  o.a.m.s.f.DefaultMavenResourcesFiltering - skip non existing resourceDirectory P:\Microservices JAVA\Spring Projects\05-SpringJavaConfig-App-referenceType[has-a]-FieldInjection\src\test\resources
2024-09-27 22:59:10,425 [Worker-40: Building] INFO  o.a.m.s.f.DefaultMavenResourcesFiltering - skip non existing resourceDirectory P:\Microservices JAVA\Spring Projects\05-SpringJavaConfig-App-referenceType[has-a]-FieldInjection\src\main\resources
2024-09-27 22:59:10,427 [Worker-40: Building] INFO  o.a.m.s.f.DefaultMavenResourcesFiltering - skip non existing resourceDirectory P:\Microservices JAVA\Spring Projects\05-SpringJavaConfig-App-referenceType[has-a]-FieldInjection\src\test\resources
2024-09-27 23:00:01,271 [Worker-40: Building] INFO  o.a.m.s.f.DefaultMavenResourcesFiltering - skip non existing resourceDirectory P:\Microservices JAVA\Spring Projects\05-SpringJavaConfig-App-referenceType[has-a]-FieldInjection\src\main\resources
2024-09-27 23:00:01,273 [Worker-40: Building] INFO  o.a.m.s.f.DefaultMavenResourcesFiltering - skip non existing resourceDirectory P:\Microservices JAVA\Spring Projects\05-SpringJavaConfig-App-referenceType[has-a]-FieldInjection\src\test\resources
2024-09-27 23:01:05,564 [Worker-40: Building] INFO  o.a.m.s.f.DefaultMavenResourcesFiltering - skip non existing resourceDirectory P:\Microservices JAVA\Spring Projects\05-SpringJavaConfig-App-referenceType[has-a]-FieldInjection\src\main\resources
2024-09-27 23:01:05,565 [Worker-40: Building] INFO  o.a.m.s.f.DefaultMavenResourcesFiltering - skip non existing resourceDirectory P:\Microservices JAVA\Spring Projects\05-SpringJavaConfig-App-referenceType[has-a]-FieldInjection\src\test\resources
2024-09-27 23:26:14,564 [Worker-46: Building] INFO  o.e.m.c.i.l.LifecycleMappingFactory - Using org.eclipse.m2e.jdt.JarLifecycleMapping lifecycle mapping for MavenProject: pwskills:01-SpringJavaConfig-App:1.0 @ P:\Microservices JAVA\Spring Projects\06-SpringJavaConfig-App-referenceType-MultiType-[has-a]-FieldInjection2\pom.xml.
2024-09-27 23:26:14,608 [Worker-46: Building] INFO  o.a.m.s.f.DefaultMavenResourcesFiltering - skip non existing resourceDirectory P:\Microservices JAVA\Spring Projects\06-SpringJavaConfig-App-referenceType-MultiType-[has-a]-FieldInjection2\src\main\resources
2024-09-27 23:26:14,609 [Worker-46: Building] INFO  o.a.m.s.f.DefaultMavenResourcesFiltering - skip non existing resourceDirectory P:\Microservices JAVA\Spring Projects\06-SpringJavaConfig-App-referenceType-MultiType-[has-a]-FieldInjection2\src\test\resources
2024-09-27 23:26:15,852 [Worker-50: Building] INFO  o.a.m.s.f.DefaultMavenResourcesFiltering - skip non existing resourceDirectory P:\Microservices JAVA\Spring Projects\06-SpringJavaConfig-App-referenceType-MultiType-[has-a]-FieldInjection2\src\main\resources
2024-09-27 23:26:15,853 [Worker-50: Building] INFO  o.a.m.s.f.DefaultMavenResourcesFiltering - skip non existing resourceDirectory P:\Microservices JAVA\Spring Projects\06-SpringJavaConfig-App-referenceType-MultiType-[has-a]-FieldInjection2\src\test\resources
2024-09-27 23:30:07,110 [Worker-50: Building] INFO  o.a.m.s.f.DefaultMavenResourcesFiltering - skip non existing resourceDirectory P:\Microservices JAVA\Spring Projects\06-SpringJavaConfig-App-referenceType-MultiType-[has-a]-FieldInjection2\src\main\resources
2024-09-27 23:30:07,111 [Worker-50: Building] INFO  o.a.m.s.f.DefaultMavenResourcesFiltering - skip non existing resourceDirectory P:\Microservices JAVA\Spring Projects\06-SpringJavaConfig-App-referenceType-MultiType-[has-a]-FieldInjection2\src\test\resources
2024-09-27 23:30:27,589 [Worker-46: Building] INFO  o.a.m.s.f.DefaultMavenResourcesFiltering - skip non existing resourceDirectory P:\Microservices JAVA\Spring Projects\06-SpringJavaConfig-App-referenceType-MultiType-[has-a]-FieldInjection2\src\main\resources
2024-09-27 23:30:27,590 [Worker-46: Building] INFO  o.a.m.s.f.DefaultMavenResourcesFiltering - skip non existing resourceDirectory P:\Microservices JAVA\Spring Projects\06-SpringJavaConfig-App-referenceType-MultiType-[has-a]-FieldInjection2\src\test\resources
2024-09-27 23:30:49,936 [Worker-50: Building] INFO  o.a.m.s.f.DefaultMavenResourcesFiltering - skip non existing resourceDirectory P:\Microservices JAVA\Spring Projects\06-SpringJavaConfig-App-referenceType-MultiType-[has-a]-FieldInjection2\src\main\resources
2024-09-27 23:30:49,938 [Worker-50: Building] INFO  o.a.m.s.f.DefaultMavenResourcesFiltering - skip non existing resourceDirectory P:\Microservices JAVA\Spring Projects\06-SpringJavaConfig-App-referenceType-MultiType-[has-a]-FieldInjection2\src\test\resources
2024-09-27 23:32:42,692 [Worker-46: Building] INFO  o.a.m.s.f.DefaultMavenResourcesFiltering - skip non existing resourceDirectory P:\Microservices JAVA\Spring Projects\06-SpringJavaConfig-App-referenceType-MultiType-[has-a]-FieldInjection2\src\main\resources
2024-09-27 23:32:42,695 [Worker-46: Building] INFO  o.a.m.s.f.DefaultMavenResourcesFiltering - skip non existing resourceDirectory P:\Microservices JAVA\Spring Projects\06-SpringJavaConfig-App-referenceType-MultiType-[has-a]-FieldInjection2\src\test\resources
2024-09-27 23:33:37,173 [Worker-50: Building] INFO  o.a.m.s.f.DefaultMavenResourcesFiltering - skip non existing resourceDirectory P:\Microservices JAVA\Spring Projects\06-SpringJavaConfig-App-referenceType-MultiType-[has-a]-FieldInjection2\src\main\resources
2024-09-27 23:33:37,174 [Worker-50: Building] INFO  o.a.m.s.f.DefaultMavenResourcesFiltering - skip non existing resourceDirectory P:\Microservices JAVA\Spring Projects\06-SpringJavaConfig-App-referenceType-MultiType-[has-a]-FieldInjection2\src\test\resources
2024-09-27 23:33:59,632 [Worker-53: Building] INFO  o.a.m.s.f.DefaultMavenResourcesFiltering - skip non existing resourceDirectory P:\Microservices JAVA\Spring Projects\06-SpringJavaConfig-App-referenceType-MultiType-[has-a]-FieldInjection2\src\main\resources
2024-09-27 23:33:59,643 [Worker-53: Building] INFO  o.a.m.s.f.DefaultMavenResourcesFiltering - skip non existing resourceDirectory P:\Microservices JAVA\Spring Projects\06-SpringJavaConfig-App-referenceType-MultiType-[has-a]-FieldInjection2\src\test\resources
2024-09-27 23:34:30,941 [Worker-50: Building] INFO  o.a.m.s.f.DefaultMavenResourcesFiltering - skip non existing resourceDirectory P:\Microservices JAVA\Spring Projects\06-SpringJavaConfig-App-referenceType-MultiType-[has-a]-FieldInjection2\src\main\resources
2024-09-27 23:34:30,942 [Worker-50: Building] INFO  o.a.m.s.f.DefaultMavenResourcesFiltering - skip non existing resourceDirectory P:\Microservices JAVA\Spring Projects\06-SpringJavaConfig-App-referenceType-MultiType-[has-a]-FieldInjection2\src\test\resources
2024-09-27 23:34:46,134 [Worker-46: Building] INFO  o.a.m.s.f.DefaultMavenResourcesFiltering - skip non existing resourceDirectory P:\Microservices JAVA\Spring Projects\06-SpringJavaConfig-App-referenceType-MultiType-[has-a]-FieldInjection2\src\main\resources
2024-09-27 23:34:46,136 [Worker-46: Building] INFO  o.a.m.s.f.DefaultMavenResourcesFiltering - skip non existing resourceDirectory P:\Microservices JAVA\Spring Projects\06-SpringJavaConfig-App-referenceType-MultiType-[has-a]-FieldInjection2\src\test\resources
2024-09-27 23:35:23,582 [Worker-46: Building] INFO  o.a.m.s.f.DefaultMavenResourcesFiltering - skip non existing resourceDirectory P:\Microservices JAVA\Spring Projects\06-SpringJavaConfig-App-referenceType-MultiType-[has-a]-FieldInjection2\src\main\resources
2024-09-27 23:35:23,587 [Worker-46: Building] INFO  o.a.m.s.f.DefaultMavenResourcesFiltering - skip non existing resourceDirectory P:\Microservices JAVA\Spring Projects\06-SpringJavaConfig-App-referenceType-MultiType-[has-a]-FieldInjection2\src\test\resources
2024-09-27 23:36:15,672 [Worker-53: Building] INFO  o.a.m.s.f.DefaultMavenResourcesFiltering - skip non existing resourceDirectory P:\Microservices JAVA\Spring Projects\06-SpringJavaConfig-App-referenceType-MultiType-[has-a]-FieldInjection2\src\main\resources
2024-09-27 23:36:15,673 [Worker-53: Building] INFO  o.a.m.s.f.DefaultMavenResourcesFiltering - skip non existing resourceDirectory P:\Microservices JAVA\Spring Projects\06-SpringJavaConfig-App-referenceType-MultiType-[has-a]-FieldInjection2\src\test\resources
2024-09-27 23:39:17,713 [Worker-46: Launching TestApp (5)] INFO  o.a.m.s.f.DefaultMavenResourcesFiltering - skip non existing resourceDirectory P:\Microservices JAVA\Spring Projects\06-SpringJavaConfig-App-referenceType-MultiType-[has-a]-FieldInjection2\src\main\resources
2024-09-27 23:39:17,714 [Worker-46: Launching TestApp (5)] INFO  o.a.m.s.f.DefaultMavenResourcesFiltering - skip non existing resourceDirectory P:\Microservices JAVA\Spring Projects\06-SpringJavaConfig-App-referenceType-MultiType-[has-a]-FieldInjection2\src\test\resources
2024-09-27 23:40:08,210 [Worker-52: Building] INFO  o.a.m.s.f.DefaultMavenResourcesFiltering - skip non existing resourceDirectory P:\Microservices JAVA\Spring Projects\06-SpringJavaConfig-App-referenceType-MultiType-[has-a]-FieldInjection2\src\main\resources
2024-09-27 23:40:08,211 [Worker-52: Building] INFO  o.a.m.s.f.DefaultMavenResourcesFiltering - skip non existing resourceDirectory P:\Microservices JAVA\Spring Projects\06-SpringJavaConfig-App-referenceType-MultiType-[has-a]-FieldInjection2\src\test\resources
2024-09-27 23:42:17,924 [Worker-46: Building] INFO  o.a.m.s.f.DefaultMavenResourcesFiltering - skip non existing resourceDirectory P:\Microservices JAVA\Spring Projects\06-SpringJavaConfig-App-referenceType-MultiType-[has-a]-FieldInjection2\src\main\resources
2024-09-27 23:42:17,925 [Worker-46: Building] INFO  o.a.m.s.f.DefaultMavenResourcesFiltering - skip non existing resourceDirectory P:\Microservices JAVA\Spring Projects\06-SpringJavaConfig-App-referenceType-MultiType-[has-a]-FieldInjection2\src\test\resources
2024-09-27 23:43:38,165 [Worker-46: Launching TestApp (5)] INFO  o.a.m.s.f.DefaultMavenResourcesFiltering - skip non existing resourceDirectory P:\Microservices JAVA\Spring Projects\06-SpringJavaConfig-App-referenceType-MultiType-[has-a]-FieldInjection2\src\main\resources
2024-09-27 23:43:38,167 [Worker-46: Launching TestApp (5)] INFO  o.a.m.s.f.DefaultMavenResourcesFiltering - skip non existing resourceDirectory P:\Microservices JAVA\Spring Projects\06-SpringJavaConfig-App-referenceType-MultiType-[has-a]-FieldInjection2\src\test\resources
2024-09-27 23:43:56,148 [Worker-46: Building] INFO  o.a.m.s.f.DefaultMavenResourcesFiltering - skip non existing resourceDirectory P:\Microservices JAVA\Spring Projects\06-SpringJavaConfig-App-referenceType-MultiType-[has-a]-FieldInjection2\src\main\resources
2024-09-27 23:43:56,150 [Worker-46: Building] INFO  o.a.m.s.f.DefaultMavenResourcesFiltering - skip non existing resourceDirectory P:\Microservices JAVA\Spring Projects\06-SpringJavaConfig-App-referenceType-MultiType-[has-a]-FieldInjection2\src\test\resources
2024-09-27 23:46:53,621 [Worker-54: Building] INFO  o.a.m.s.f.DefaultMavenResourcesFiltering - skip non existing resourceDirectory P:\Microservices JAVA\Spring Projects\06-SpringJavaConfig-App-referenceType-MultiType-[has-a]-FieldInjection2\src\main\resources
2024-09-27 23:46:53,623 [Worker-54: Building] INFO  o.a.m.s.f.DefaultMavenResourcesFiltering - skip non existing resourceDirectory P:\Microservices JAVA\Spring Projects\06-SpringJavaConfig-App-referenceType-MultiType-[has-a]-FieldInjection2\src\test\resources
2024-09-27 23:47:54,047 [Worker-56: Building] INFO  o.a.m.s.f.DefaultMavenResourcesFiltering - skip non existing resourceDirectory P:\Microservices JAVA\Spring Projects\06-SpringJavaConfig-App-referenceType-MultiType-[has-a]-FieldInjection2\src\main\resources
2024-09-27 23:47:54,053 [Worker-56: Building] INFO  o.a.m.s.f.DefaultMavenResourcesFiltering - skip non existing resourceDirectory P:\Microservices JAVA\Spring Projects\06-SpringJavaConfig-App-referenceType-MultiType-[has-a]-FieldInjection2\src\test\resources
2024-09-27 23:49:37,810 [Worker-58: Building] INFO  o.a.m.s.f.DefaultMavenResourcesFiltering - skip non existing resourceDirectory P:\Microservices JAVA\Spring Projects\06-SpringJavaConfig-App-referenceType-MultiType-[has-a]-FieldInjection2\src\main\resources
2024-09-27 23:49:37,811 [Worker-58: Building] INFO  o.a.m.s.f.DefaultMavenResourcesFiltering - skip non existing resourceDirectory P:\Microservices JAVA\Spring Projects\06-SpringJavaConfig-App-referenceType-MultiType-[has-a]-FieldInjection2\src\test\resources
2024-09-27 23:50:25,550 [Worker-56: Launching TestApp (5)] INFO  o.a.m.s.f.DefaultMavenResourcesFiltering - skip non existing resourceDirectory P:\Microservices JAVA\Spring Projects\06-SpringJavaConfig-App-referenceType-MultiType-[has-a]-FieldInjection2\src\main\resources
2024-09-27 23:50:25,552 [Worker-56: Launching TestApp (5)] INFO  o.a.m.s.f.DefaultMavenResourcesFiltering - skip non existing resourceDirectory P:\Microservices JAVA\Spring Projects\06-SpringJavaConfig-App-referenceType-MultiType-[has-a]-FieldInjection2\src\test\resources
2024-09-27 23:52:25,305 [Worker-56: Launching TestApp (5)] INFO  o.a.m.s.f.DefaultMavenResourcesFiltering - skip non existing resourceDirectory P:\Microservices JAVA\Spring Projects\06-SpringJavaConfig-App-referenceType-MultiType-[has-a]-FieldInjection2\src\main\resources
2024-09-27 23:52:25,307 [Worker-56: Launching TestApp (5)] INFO  o.a.m.s.f.DefaultMavenResourcesFiltering - skip non existing resourceDirectory P:\Microservices JAVA\Spring Projects\06-SpringJavaConfig-App-referenceType-MultiType-[has-a]-FieldInjection2\src\test\resources
2024-09-27 23:52:54,666 [Worker-56: Launching TestApp (5)] INFO  o.a.m.s.f.DefaultMavenResourcesFiltering - skip non existing resourceDirectory P:\Microservices JAVA\Spring Projects\06-SpringJavaConfig-App-referenceType-MultiType-[has-a]-FieldInjection2\src\main\resources
2024-09-27 23:52:54,666 [Worker-56: Launching TestApp (5)] INFO  o.a.m.s.f.DefaultMavenResourcesFiltering - skip non existing resourceDirectory P:\Microservices JAVA\Spring Projects\06-SpringJavaConfig-App-referenceType-MultiType-[has-a]-FieldInjection2\src\test\resources
2024-09-27 23:53:36,620 [Worker-56: Launching TestApp (5)] INFO  o.a.m.s.f.DefaultMavenResourcesFiltering - skip non existing resourceDirectory P:\Microservices JAVA\Spring Projects\06-SpringJavaConfig-App-referenceType-MultiType-[has-a]-FieldInjection2\src\main\resources
2024-09-27 23:53:36,622 [Worker-56: Launching TestApp (5)] INFO  o.a.m.s.f.DefaultMavenResourcesFiltering - skip non existing resourceDirectory P:\Microservices JAVA\Spring Projects\06-SpringJavaConfig-App-referenceType-MultiType-[has-a]-FieldInjection2\src\test\resources
2024-09-27 23:57:22,516 [Worker-60: Launching TestApp (5)] INFO  o.a.m.s.f.DefaultMavenResourcesFiltering - skip non existing resourceDirectory P:\Microservices JAVA\Spring Projects\06-SpringJavaConfig-App-referenceType-MultiType-[has-a]-FieldInjection2\src\main\resources
2024-09-27 23:57:22,518 [Worker-60: Launching TestApp (5)] INFO  o.a.m.s.f.DefaultMavenResourcesFiltering - skip non existing resourceDirectory P:\Microservices JAVA\Spring Projects\06-SpringJavaConfig-App-referenceType-MultiType-[has-a]-FieldInjection2\src\test\resources
2024-09-27 23:59:17,616 [Worker-62: Launching TestApp (5)] INFO  o.a.m.s.f.DefaultMavenResourcesFiltering - skip non existing resourceDirectory P:\Microservices JAVA\Spring Projects\06-SpringJavaConfig-App-referenceType-MultiType-[has-a]-FieldInjection2\src\main\resources
2024-09-27 23:59:17,617 [Worker-62: Launching TestApp (5)] INFO  o.a.m.s.f.DefaultMavenResourcesFiltering - skip non existing resourceDirectory P:\Microservices JAVA\Spring Projects\06-SpringJavaConfig-App-referenceType-MultiType-[has-a]-FieldInjection2\src\test\resources
2024-09-28 00:05:47,762 [Worker-64: Building] INFO  o.e.m.c.i.l.LifecycleMappingFactory - Using org.eclipse.m2e.jdt.JarLifecycleMapping lifecycle mapping for MavenProject: pwskills:01-SpringJavaConfig-App:1.0 @ P:\Microservices JAVA\Spring Projects\07-SpringJavaConfig-App-referenceType-PredDefinedType\pom.xml.
2024-09-28 00:05:47,794 [Worker-64: Building] INFO  o.a.m.s.f.DefaultMavenResourcesFiltering - skip non existing resourceDirectory P:\Microservices JAVA\Spring Projects\07-SpringJavaConfig-App-referenceType-PredDefinedType\src\main\resources
2024-09-28 00:05:47,795 [Worker-64: Building] INFO  o.a.m.s.f.DefaultMavenResourcesFiltering - skip non existing resourceDirectory P:\Microservices JAVA\Spring Projects\07-SpringJavaConfig-App-referenceType-PredDefinedType\src\test\resources
2024-09-28 00:05:48,983 [Worker-65: Building] INFO  o.a.m.s.f.DefaultMavenResourcesFiltering - skip non existing resourceDirectory P:\Microservices JAVA\Spring Projects\07-SpringJavaConfig-App-referenceType-PredDefinedType\src\main\resources
2024-09-28 00:05:48,985 [Worker-65: Building] INFO  o.a.m.s.f.DefaultMavenResourcesFiltering - skip non existing resourceDirectory P:\Microservices JAVA\Spring Projects\07-SpringJavaConfig-App-referenceType-PredDefinedType\src\test\resources
2024-09-28 00:06:18,653 [Worker-64: Building] INFO  o.a.m.s.f.DefaultMavenResourcesFiltering - skip non existing resourceDirectory P:\Microservices JAVA\Spring Projects\07-SpringJavaConfig-App-referenceType-PredDefinedType\src\main\resources
2024-09-28 00:06:18,655 [Worker-64: Building] INFO  o.a.m.s.f.DefaultMavenResourcesFiltering - skip non existing resourceDirectory P:\Microservices JAVA\Spring Projects\07-SpringJavaConfig-App-referenceType-PredDefinedType\src\test\resources
2024-09-28 00:06:37,759 [Worker-62: Building] INFO  o.a.m.s.f.DefaultMavenResourcesFiltering - skip non existing resourceDirectory P:\Microservices JAVA\Spring Projects\07-SpringJavaConfig-App-referenceType-PredDefinedType\src\main\resources
2024-09-28 00:06:37,760 [Worker-62: Building] INFO  o.a.m.s.f.DefaultMavenResourcesFiltering - skip non existing resourceDirectory P:\Microservices JAVA\Spring Projects\07-SpringJavaConfig-App-referenceType-PredDefinedType\src\test\resources
2024-09-28 00:07:32,583 [Worker-62: Building] INFO  o.a.m.s.f.DefaultMavenResourcesFiltering - skip non existing resourceDirectory P:\Microservices JAVA\Spring Projects\07-SpringJavaConfig-App-referenceType-PredDefinedType\src\main\resources
2024-09-28 00:07:32,585 [Worker-62: Building] INFO  o.a.m.s.f.DefaultMavenResourcesFiltering - skip non existing resourceDirectory P:\Microservices JAVA\Spring Projects\07-SpringJavaConfig-App-referenceType-PredDefinedType\src\test\resources
2024-09-28 00:07:49,169 [Worker-62: Building] INFO  o.a.m.s.f.DefaultMavenResourcesFiltering - skip non existing resourceDirectory P:\Microservices JAVA\Spring Projects\07-SpringJavaConfig-App-referenceType-PredDefinedType\src\main\resources
2024-09-28 00:07:49,170 [Worker-62: Building] INFO  o.a.m.s.f.DefaultMavenResourcesFiltering - skip non existing resourceDirectory P:\Microservices JAVA\Spring Projects\07-SpringJavaConfig-App-referenceType-PredDefinedType\src\test\resources
2024-09-28 00:08:20,347 [Worker-64: Building] INFO  o.a.m.s.f.DefaultMavenResourcesFiltering - skip non existing resourceDirectory P:\Microservices JAVA\Spring Projects\07-SpringJavaConfig-App-referenceType-PredDefinedType\src\main\resources
2024-09-28 00:08:20,349 [Worker-64: Building] INFO  o.a.m.s.f.DefaultMavenResourcesFiltering - skip non existing resourceDirectory P:\Microservices JAVA\Spring Projects\07-SpringJavaConfig-App-referenceType-PredDefinedType\src\test\resources
2024-09-28 00:09:43,267 [Worker-65: Building] INFO  o.a.m.s.f.DefaultMavenResourcesFiltering - skip non existing resourceDirectory P:\Microservices JAVA\Spring Projects\07-SpringJavaConfig-App-referenceType-PredDefinedType\src\main\resources
2024-09-28 00:09:43,268 [Worker-65: Building] INFO  o.a.m.s.f.DefaultMavenResourcesFiltering - skip non existing resourceDirectory P:\Microservices JAVA\Spring Projects\07-SpringJavaConfig-App-referenceType-PredDefinedType\src\test\resources
2024-09-28 00:09:53,313 [Worker-62: Building] INFO  o.a.m.s.f.DefaultMavenResourcesFiltering - skip non existing resourceDirectory P:\Microservices JAVA\Spring Projects\07-SpringJavaConfig-App-referenceType-PredDefinedType\src\main\resources
2024-09-28 00:09:53,315 [Worker-62: Building] INFO  o.a.m.s.f.DefaultMavenResourcesFiltering - skip non existing resourceDirectory P:\Microservices JAVA\Spring Projects\07-SpringJavaConfig-App-referenceType-PredDefinedType\src\test\resources
2024-09-28 00:10:30,905 [Worker-66: Building] INFO  o.a.m.s.f.DefaultMavenResourcesFiltering - skip non existing resourceDirectory P:\Microservices JAVA\Spring Projects\07-SpringJavaConfig-App-referenceType-PredDefinedType\src\main\resources
2024-09-28 00:10:30,906 [Worker-66: Building] INFO  o.a.m.s.f.DefaultMavenResourcesFiltering - skip non existing resourceDirectory P:\Microservices JAVA\Spring Projects\07-SpringJavaConfig-App-referenceType-PredDefinedType\src\test\resources
2024-09-28 00:10:44,886 [Worker-65: Building] INFO  o.a.m.s.f.DefaultMavenResourcesFiltering - skip non existing resourceDirectory P:\Microservices JAVA\Spring Projects\07-SpringJavaConfig-App-referenceType-PredDefinedType\src\main\resources
2024-09-28 00:10:44,887 [Worker-65: Building] INFO  o.a.m.s.f.DefaultMavenResourcesFiltering - skip non existing resourceDirectory P:\Microservices JAVA\Spring Projects\07-SpringJavaConfig-App-referenceType-PredDefinedType\src\test\resources
2024-09-28 00:10:55,431 [Worker-62: Building] INFO  o.a.m.s.f.DefaultMavenResourcesFiltering - skip non existing resourceDirectory P:\Microservices JAVA\Spring Projects\07-SpringJavaConfig-App-referenceType-PredDefinedType\src\main\resources
2024-09-28 00:10:55,432 [Worker-62: Building] INFO  o.a.m.s.f.DefaultMavenResourcesFiltering - skip non existing resourceDirectory P:\Microservices JAVA\Spring Projects\07-SpringJavaConfig-App-referenceType-PredDefinedType\src\test\resources
2024-09-28 00:11:52,808 [Worker-65: Building] INFO  o.e.m.c.i.l.LifecycleMappingFactory - Using org.eclipse.m2e.jdt.JarLifecycleMapping lifecycle mapping for MavenProject: pwskills:01-SpringJavaConfig-App:1.0 @ P:\Microservices JAVA\Spring Projects\07-SpringJavaConfig-App-referenceType-PredDefinedType\pom.xml.
2024-09-28 00:11:53,213 [Worker-65: Building] INFO  o.e.m.c.i.e.AbstractTransferListenerAdapter - Downloading https://repo.maven.apache.org/maven2/org/springframework/spring-jdbc/5.3.25/spring-jdbc-5.3.25.pom
2024-09-28 00:11:53,225 [Worker-65: Building] INFO  o.e.m.c.i.e.AbstractTransferListenerAdapter - Downloaded https://repo.maven.apache.org/maven2/org/springframework/spring-jdbc/5.3.25/spring-jdbc-5.3.25.pom
2024-09-28 00:11:53,308 [Worker-65: Building] INFO  o.e.m.c.i.e.AbstractTransferListenerAdapter - Downloading https://repo.maven.apache.org/maven2/org/springframework/spring-tx/5.3.25/spring-tx-5.3.25.pom
2024-09-28 00:11:53,310 [Worker-65: Building] INFO  o.e.m.c.i.e.AbstractTransferListenerAdapter - Downloaded https://repo.maven.apache.org/maven2/org/springframework/spring-tx/5.3.25/spring-tx-5.3.25.pom
2024-09-28 00:11:53,389 [Worker-65: Building] INFO  o.e.m.c.i.e.AbstractTransferListenerAdapter - Downloading https://repo.maven.apache.org/maven2/org/springframework/spring-jdbc/5.3.25/spring-jdbc-5.3.25.jar
2024-09-28 00:11:53,704 [Worker-65: Building] INFO  o.e.m.c.i.e.AbstractTransferListenerAdapter - Downloaded https://repo.maven.apache.org/maven2/org/springframework/spring-jdbc/5.3.25/spring-jdbc-5.3.25.jar
2024-09-28 00:11:53,759 [BasicRepositoryConnector-repo.maven.apache.org-0-0] INFO  o.e.m.c.i.e.AbstractTransferListenerAdapter - Downloading https://repo.maven.apache.org/maven2/org/springframework/spring-tx/5.3.25/spring-tx-5.3.25.jar
2024-09-28 00:11:53,925 [BasicRepositoryConnector-repo.maven.apache.org-0-0] INFO  o.e.m.c.i.e.AbstractTransferListenerAdapter - Downloaded https://repo.maven.apache.org/maven2/org/springframework/spring-tx/5.3.25/spring-tx-5.3.25.jar
2024-09-28 00:11:53,942 [Worker-65: Building] INFO  o.a.m.s.f.DefaultMavenResourcesFiltering - skip non existing resourceDirectory P:\Microservices JAVA\Spring Projects\07-SpringJavaConfig-App-referenceType-PredDefinedType\src\main\resources
2024-09-28 00:11:53,942 [Worker-65: Building] INFO  o.a.m.s.f.DefaultMavenResourcesFiltering - skip non existing resourceDirectory P:\Microservices JAVA\Spring Projects\07-SpringJavaConfig-App-referenceType-PredDefinedType\src\test\resources
2024-09-28 00:11:55,185 [Worker-63: Download sources and javadoc] INFO  o.e.m.c.i.e.AbstractTransferListenerAdapter - Downloading https://repo.maven.apache.org/maven2/org/springframework/spring-jdbc/5.3.25/spring-jdbc-5.3.25-sources.jar
2024-09-28 00:11:55,652 [Worker-63: Download sources and javadoc] INFO  o.e.m.c.i.e.AbstractTransferListenerAdapter - Downloaded https://repo.maven.apache.org/maven2/org/springframework/spring-jdbc/5.3.25/spring-jdbc-5.3.25-sources.jar
2024-09-28 00:11:55,654 [Worker-63: Download sources and javadoc] INFO  o.e.m.j.internal.DownloadSourcesJob - Downloaded sources for org.springframework:spring-jdbc:5.3.25
2024-09-28 00:11:55,867 [Worker-63: Download sources and javadoc] INFO  o.e.m.c.i.e.AbstractTransferListenerAdapter - Downloading https://repo.maven.apache.org/maven2/org/springframework/spring-tx/5.3.25/spring-tx-5.3.25-sources.jar
2024-09-28 00:11:56,070 [Worker-63: Download sources and javadoc] INFO  o.e.m.c.i.e.AbstractTransferListenerAdapter - Downloaded https://repo.maven.apache.org/maven2/org/springframework/spring-tx/5.3.25/spring-tx-5.3.25-sources.jar
2024-09-28 00:11:56,070 [Worker-63: Download sources and javadoc] INFO  o.e.m.j.internal.DownloadSourcesJob - Downloaded sources for org.springframework:spring-tx:5.3.25
2024-09-28 00:17:01,792 [Worker-66: Building] INFO  o.a.m.s.f.DefaultMavenResourcesFiltering - skip non existing resourceDirectory P:\Microservices JAVA\Spring Projects\07-SpringJavaConfig-App-referenceType-PredDefinedType\src\main\resources
2024-09-28 00:17:01,795 [Worker-66: Building] INFO  o.a.m.s.f.DefaultMavenResourcesFiltering - skip non existing resourceDirectory P:\Microservices JAVA\Spring Projects\07-SpringJavaConfig-App-referenceType-PredDefinedType\src\test\resources
2024-09-28 00:17:48,099 [Worker-64: Building] INFO  o.a.m.s.f.DefaultMavenResourcesFiltering - skip non existing resourceDirectory P:\Microservices JAVA\Spring Projects\07-SpringJavaConfig-App-referenceType-PredDefinedType\src\main\resources
2024-09-28 00:17:48,100 [Worker-64: Building] INFO  o.a.m.s.f.DefaultMavenResourcesFiltering - skip non existing resourceDirectory P:\Microservices JAVA\Spring Projects\07-SpringJavaConfig-App-referenceType-PredDefinedType\src\test\resources
2024-09-28 00:20:40,058 [Worker-62: Building] INFO  o.a.m.s.f.DefaultMavenResourcesFiltering - skip non existing resourceDirectory P:\Microservices JAVA\Spring Projects\07-SpringJavaConfig-App-referenceType-PredDefinedType\src\main\resources
2024-09-28 00:20:40,060 [Worker-62: Building] INFO  o.a.m.s.f.DefaultMavenResourcesFiltering - skip non existing resourceDirectory P:\Microservices JAVA\Spring Projects\07-SpringJavaConfig-App-referenceType-PredDefinedType\src\test\resources
2024-09-28 00:32:36,076 [Worker-73: Building] INFO  o.a.m.s.f.DefaultMavenResourcesFiltering - skip non existing resourceDirectory P:\Microservices JAVA\Spring Projects\07-SpringJavaConfig-App-referenceType-PredDefinedType\src\main\resources
2024-09-28 00:32:36,077 [Worker-73: Building] INFO  o.a.m.s.f.DefaultMavenResourcesFiltering - skip non existing resourceDirectory P:\Microservices JAVA\Spring Projects\07-SpringJavaConfig-App-referenceType-PredDefinedType\src\test\resources
2024-09-28 00:33:26,805 [Worker-71: Building] INFO  o.e.m.c.i.l.LifecycleMappingFactory - Using org.eclipse.m2e.jdt.JarLifecycleMapping lifecycle mapping for MavenProject: pwskills:01-SpringJavaConfig-App:1.0 @ P:\Microservices JAVA\Spring Projects\07-SpringJavaConfig-App-referenceType-PredDefinedType\pom.xml.
2024-09-28 00:33:27,051 [Worker-71: Building] INFO  o.e.m.c.i.e.AbstractTransferListenerAdapter - Downloading https://repo.maven.apache.org/maven2/mysql/mysql-connector-java/8.0.33/mysql-connector-java-8.0.33.pom
2024-09-28 00:33:27,053 [Worker-71: Building] INFO  o.e.m.c.i.e.AbstractTransferListenerAdapter - Downloaded https://repo.maven.apache.org/maven2/mysql/mysql-connector-java/8.0.33/mysql-connector-java-8.0.33.pom
2024-09-28 00:33:27,118 [Worker-71: Building] INFO  o.e.m.c.i.e.AbstractTransferListenerAdapter - Downloading https://repo.maven.apache.org/maven2/com/mysql/mysql-connector-j/8.0.33/mysql-connector-j-8.0.33.pom
2024-09-28 00:33:27,122 [Worker-71: Building] INFO  o.e.m.c.i.e.AbstractTransferListenerAdapter - Downloaded https://repo.maven.apache.org/maven2/com/mysql/mysql-connector-j/8.0.33/mysql-connector-j-8.0.33.pom
2024-09-28 00:33:27,237 [Worker-71: Building] INFO  o.e.m.c.i.e.AbstractTransferListenerAdapter - Downloading https://repo.maven.apache.org/maven2/com/google/protobuf/protobuf-java/3.21.9/protobuf-java-3.21.9.pom
2024-09-28 00:33:27,241 [Worker-71: Building] INFO  o.e.m.c.i.e.AbstractTransferListenerAdapter - Downloaded https://repo.maven.apache.org/maven2/com/google/protobuf/protobuf-java/3.21.9/protobuf-java-3.21.9.pom
2024-09-28 00:33:27,339 [Worker-71: Building] INFO  o.e.m.c.i.e.AbstractTransferListenerAdapter - Downloading https://repo.maven.apache.org/maven2/com/google/protobuf/protobuf-parent/3.21.9/protobuf-parent-3.21.9.pom
2024-09-28 00:33:27,349 [Worker-71: Building] INFO  o.e.m.c.i.e.AbstractTransferListenerAdapter - Downloaded https://repo.maven.apache.org/maven2/com/google/protobuf/protobuf-parent/3.21.9/protobuf-parent-3.21.9.pom
2024-09-28 00:33:27,404 [Worker-71: Building] INFO  o.e.m.c.i.e.AbstractTransferListenerAdapter - Downloading https://repo.maven.apache.org/maven2/com/google/protobuf/protobuf-bom/3.21.9/protobuf-bom-3.21.9.pom
2024-09-28 00:33:27,411 [Worker-71: Building] INFO  o.e.m.c.i.e.AbstractTransferListenerAdapter - Downloaded https://repo.maven.apache.org/maven2/com/google/protobuf/protobuf-bom/3.21.9/protobuf-bom-3.21.9.pom
2024-09-28 00:33:27,414 [Worker-71: Building] WARN  o.e.m.c.i.embedder.EclipseLogger - The artifact mysql:mysql-connector-java:jar:8.0.33 has been relocated to com.mysql:mysql-connector-j:jar:8.0.33: MySQL Connector/J artifacts moved to reverse-DNS compliant Maven 2+ coordinates.
2024-09-28 00:33:27,508 [Worker-71: Building] INFO  o.e.m.c.i.e.AbstractTransferListenerAdapter - Downloading https://repo.maven.apache.org/maven2/com/mysql/mysql-connector-j/8.0.33/mysql-connector-j-8.0.33.jar
2024-09-28 00:33:29,079 [Worker-71: Building] INFO  o.e.m.c.i.e.AbstractTransferListenerAdapter - Downloaded https://repo.maven.apache.org/maven2/com/mysql/mysql-connector-j/8.0.33/mysql-connector-j-8.0.33.jar
2024-09-28 00:33:29,152 [BasicRepositoryConnector-repo.maven.apache.org-1-0] INFO  o.e.m.c.i.e.AbstractTransferListenerAdapter - Downloading https://repo.maven.apache.org/maven2/com/google/protobuf/protobuf-java/3.21.9/protobuf-java-3.21.9.jar
2024-09-28 00:33:29,768 [BasicRepositoryConnector-repo.maven.apache.org-1-0] INFO  o.e.m.c.i.e.AbstractTransferListenerAdapter - Downloaded https://repo.maven.apache.org/maven2/com/google/protobuf/protobuf-java/3.21.9/protobuf-java-3.21.9.jar
2024-09-28 00:33:29,790 [Worker-71: Building] INFO  o.a.m.s.f.DefaultMavenResourcesFiltering - skip non existing resourceDirectory P:\Microservices JAVA\Spring Projects\07-SpringJavaConfig-App-referenceType-PredDefinedType\src\main\resources
2024-09-28 00:33:29,790 [Worker-71: Building] INFO  o.a.m.s.f.DefaultMavenResourcesFiltering - skip non existing resourceDirectory P:\Microservices JAVA\Spring Projects\07-SpringJavaConfig-App-referenceType-PredDefinedType\src\test\resources
2024-09-28 00:33:31,062 [Worker-71: Download sources and javadoc] INFO  o.e.m.c.i.e.AbstractTransferListenerAdapter - Downloading https://repo.maven.apache.org/maven2/com/mysql/mysql-connector-j/8.0.33/mysql-connector-j-8.0.33-sources.jar
2024-09-28 00:33:31,825 [Worker-71: Download sources and javadoc] INFO  o.e.m.c.i.e.AbstractTransferListenerAdapter - Downloaded https://repo.maven.apache.org/maven2/com/mysql/mysql-connector-j/8.0.33/mysql-connector-j-8.0.33-sources.jar
2024-09-28 00:33:31,827 [Worker-71: Download sources and javadoc] INFO  o.e.m.j.internal.DownloadSourcesJob - Downloaded sources for com.mysql:mysql-connector-j:8.0.33
2024-09-28 00:33:32,000 [Worker-71: Download sources and javadoc] INFO  o.e.m.c.i.e.AbstractTransferListenerAdapter - Downloading https://repo.maven.apache.org/maven2/com/google/protobuf/protobuf-java/3.21.9/protobuf-java-3.21.9-sources.jar
2024-09-28 00:33:32,352 [Worker-71: Download sources and javadoc] INFO  o.e.m.c.i.e.AbstractTransferListenerAdapter - Downloaded https://repo.maven.apache.org/maven2/com/google/protobuf/protobuf-java/3.21.9/protobuf-java-3.21.9-sources.jar
2024-09-28 00:33:32,354 [Worker-71: Download sources and javadoc] INFO  o.e.m.j.internal.DownloadSourcesJob - Downloaded sources for com.google.protobuf:protobuf-java:3.21.9
2024-09-28 00:48:43,454 [Worker-78: Building] INFO  o.a.m.s.f.DefaultMavenResourcesFiltering - skip non existing resourceDirectory P:\Microservices JAVA\Spring Projects\07-SpringJavaConfig-App-referenceType-PredDefinedType\src\main\resources
2024-09-28 00:48:43,455 [Worker-78: Building] INFO  o.a.m.s.f.DefaultMavenResourcesFiltering - skip non existing resourceDirectory P:\Microservices JAVA\Spring Projects\07-SpringJavaConfig-App-referenceType-PredDefinedType\src\test\resources
2024-09-28 02:07:35,254 [Worker-82: Building] INFO  o.a.m.s.f.DefaultMavenResourcesFiltering - skip non existing resourceDirectory P:\Microservices JAVA\Spring Projects\07-SpringJavaConfig-App-referenceType-PredDefinedType\src\main\resources
2024-09-28 02:07:35,256 [Worker-82: Building] INFO  o.a.m.s.f.DefaultMavenResourcesFiltering - skip non existing resourceDirectory P:\Microservices JAVA\Spring Projects\07-SpringJavaConfig-App-referenceType-PredDefinedType\src\test\resources
